[04-05-2026 21:54:38] [Bidder 23:56097] CYCLE_START: Connected to Auctioneer. Identity: name='Bidder 23', phone='0700000023', email='bidder23@mail.ro'.
[04-05-2026 21:54:38] [Bidder 23:56097] Placing bid: licitez 2386
[04-05-2026 21:54:38] [Bidder 23:56097] Waiting for auction result.
[04-05-2026 21:54:58] [Bidder 23:56097] CYCLE_END: Auction result: Licitatie pierduta...
[04-05-2026 21:56:26] [Bidder 23:56385] CYCLE_START: Connected to Auctioneer. Identity: name='Bidder 23', phone='0700000023', email='bidder23@mail.ro'.
[04-05-2026 21:56:26] [Bidder 23:56385] Placing bid: licitez 7475
[04-05-2026 21:56:26] [Bidder 23:56385] Waiting for auction result.
[04-05-2026 21:56:42] [Bidder 23:56385] CYCLE_END: Auction result: Licitatie pierduta...
[04-05-2026 21:57:24] [Bidder 23:56506] CYCLE_START: Connected to Auctioneer. Identity: name='Bidder 23', phone='0700000023', email='bidder23@mail.ro'.
[04-05-2026 21:57:24] [Bidder 23:56506] Placing bid: licitez 1638
[04-05-2026 21:57:24] [Bidder 23:56506] Waiting for auction result.
[04-05-2026 21:58:35] [Bidder 23:57072] RECOVERY: Ciclu anterior intrerupt. Oferta recuperata: licitez 1638.
[04-05-2026 21:58:35] [Bidder 23:57072] CYCLE_START: Connected to Auctioneer. Identity: name='Bidder 23', phone='0700000023', email='bidder23@mail.ro'.
[04-05-2026 21:58:35] [Bidder 23:57072] Placing bid: licitez 1638
[04-05-2026 21:58:35] [Bidder 23:57072] Sending duplicate (deduplication test).
[04-05-2026 21:58:35] [Bidder 23:57072] Waiting for auction result.
[04-05-2026 21:58:54] [Bidder 23:57072] CYCLE_END: Auction result: Licitatie pierduta...
[04-05-2026 22:15:16] [Bidder 23:57757] CYCLE_START: Connected to Auctioneer. Identity: name='Bidder 23', phone='0700000023', email='bidder23@mail.ro'.
[04-05-2026 22:15:16] [Bidder 23:57757] Placing bid: licitez 2053
[04-05-2026 22:15:16] [Bidder 23:57757] Sending duplicate (deduplication test).
[04-05-2026 22:15:16] [Bidder 23:57757] Waiting for auction result.
[04-05-2026 22:15:32] [Bidder 23:57757] CYCLE_END: Auction result: Licitatie pierduta...
[04-05-2026 22:16:34] [Bidder 23:57887] CYCLE_START: Connected to Auctioneer. Identity: name='Bidder 23', phone='0700000023', email='bidder23@mail.ro'.
[04-05-2026 22:16:34] [Bidder 23:57887] Placing bid: licitez 2397
[04-05-2026 22:16:34] [Bidder 23:57887] Sending duplicate (deduplication test).
[04-05-2026 22:16:34] [Bidder 23:57887] Waiting for auction result.
[04-05-2026 22:16:50] [Bidder 23:57887] CYCLE_END: Auction result: Licitatie pierduta...
[04-05-2026 22:21:04] [Bidder 23:58752] CYCLE_START: Connected to Auctioneer. Identity: name='Bidder 23', phone='0700000023', email='bidder23@mail.ro'.
[04-05-2026 22:21:04] [Bidder 23:58752] Placing bid: licitez 5855
[04-05-2026 22:21:04] [Bidder 23:58752] Waiting for auction result.
[04-05-2026 22:21:23] [Bidder 23:58752] CYCLE_END: Auction result: Licitatie pierduta...
