[04-05-2026 21:54:39] [Bidder 35:56121] CYCLE_START: Connected to Auctioneer. Identity: name='Bidder 35', phone='0700000035', email='bidder35@mail.ro'.
[04-05-2026 21:54:39] [Bidder 35:56121] Placing bid: licitez 1082
[04-05-2026 21:54:39] [Bidder 35:56121] Sending duplicate (deduplication test).
[04-05-2026 21:54:39] [Bidder 35:56121] Waiting for auction result.
[04-05-2026 21:54:58] [Bidder 35:56121] CYCLE_END: Auction result: Licitatie pierduta...
[04-05-2026 21:56:26] [Bidder 35:56409] CYCLE_START: Connected to Auctioneer. Identity: name='Bidder 35', phone='0700000035', email='bidder35@mail.ro'.
[04-05-2026 21:56:26] [Bidder 35:56409] Placing bid: licitez 5105
[04-05-2026 21:56:26] [Bidder 35:56409] Sending duplicate (deduplication test).
[04-05-2026 21:56:26] [Bidder 35:56409] Waiting for auction result.
[04-05-2026 21:56:42] [Bidder 35:56409] CYCLE_END: Auction result: Licitatie pierduta...
[04-05-2026 21:57:25] [Bidder 35:56530] CYCLE_START: Connected to Auctioneer. Identity: name='Bidder 35', phone='0700000035', email='bidder35@mail.ro'.
[04-05-2026 21:57:25] [Bidder 35:56530] Placing bid: licitez 7651
[04-05-2026 21:57:25] [Bidder 35:56530] Waiting for auction result.
[04-05-2026 21:58:35] [Bidder 35:57096] RECOVERY: Ciclu anterior intrerupt. Oferta recuperata: licitez 7651.
[04-05-2026 21:58:35] [Bidder 35:57096] CYCLE_START: Connected to Auctioneer. Identity: name='Bidder 35', phone='0700000035', email='bidder35@mail.ro'.
[04-05-2026 21:58:35] [Bidder 35:57096] Placing bid: licitez 7651
[04-05-2026 21:58:35] [Bidder 35:57096] Waiting for auction result.
[04-05-2026 21:58:54] [Bidder 35:57096] CYCLE_END: Auction result: Licitatie pierduta...
[04-05-2026 22:15:16] [Bidder 35:57781] CYCLE_START: Connected to Auctioneer. Identity: name='Bidder 35', phone='0700000035', email='bidder35@mail.ro'.
[04-05-2026 22:15:16] [Bidder 35:57781] Placing bid: licitez 4571
[04-05-2026 22:15:16] [Bidder 35:57781] Sending duplicate (deduplication test).
[04-05-2026 22:15:16] [Bidder 35:57781] Waiting for auction result.
[04-05-2026 22:15:32] [Bidder 35:57781] CYCLE_END: Auction result: Licitatie pierduta...
[04-05-2026 22:16:35] [Bidder 35:57913] CYCLE_START: Connected to Auctioneer. Identity: name='Bidder 35', phone='0700000035', email='bidder35@mail.ro'.
[04-05-2026 22:16:35] [Bidder 35:57913] Placing bid: licitez 9048
[04-05-2026 22:16:35] [Bidder 35:57913] Sending duplicate (deduplication test).
[04-05-2026 22:16:35] [Bidder 35:57913] Waiting for auction result.
[04-05-2026 22:16:50] [Bidder 35:57913] CYCLE_END: Auction result: Licitatie pierduta...
[04-05-2026 22:21:04] [Bidder 35:58778] CYCLE_START: Connected to Auctioneer. Identity: name='Bidder 35', phone='0700000035', email='bidder35@mail.ro'.
[04-05-2026 22:21:04] [Bidder 35:58778] Placing bid: licitez 4098
[04-05-2026 22:21:04] [Bidder 35:58778] Sending duplicate (deduplication test).
[04-05-2026 22:21:04] [Bidder 35:58778] Waiting for auction result.
[04-05-2026 22:21:23] [Bidder 35:58778] CYCLE_END: Auction result: Licitatie pierduta...
