[04-05-2026 21:54:38] [Bidder 24:56099] CYCLE_START: Connected to Auctioneer. Identity: name='Bidder 24', phone='0700000024', email='bidder24@mail.ro'.
[04-05-2026 21:54:38] [Bidder 24:56099] Placing bid: licitez 3088
[04-05-2026 21:54:38] [Bidder 24:56099] Waiting for auction result.
[04-05-2026 21:54:58] [Bidder 24:56099] CYCLE_END: Auction result: Licitatie pierduta...
[04-05-2026 21:56:26] [Bidder 24:56387] CYCLE_START: Connected to Auctioneer. Identity: name='Bidder 24', phone='0700000024', email='bidder24@mail.ro'.
[04-05-2026 21:56:26] [Bidder 24:56387] Placing bid: licitez 3693
[04-05-2026 21:56:26] [Bidder 24:56387] Sending duplicate (deduplication test).
[04-05-2026 21:56:26] [Bidder 24:56387] Waiting for auction result.
[04-05-2026 21:56:42] [Bidder 24:56387] CYCLE_END: Auction result: Licitatie pierduta...
[04-05-2026 21:57:24] [Bidder 24:56508] CYCLE_START: Connected to Auctioneer. Identity: name='Bidder 24', phone='0700000024', email='bidder24@mail.ro'.
[04-05-2026 21:57:24] [Bidder 24:56508] Placing bid: licitez 8778
[04-05-2026 21:57:24] [Bidder 24:56508] Waiting for auction result.
[04-05-2026 21:58:35] [Bidder 24:57074] RECOVERY: Ciclu anterior intrerupt. Oferta recuperata: licitez 8778.
[04-05-2026 21:58:35] [Bidder 24:57074] CYCLE_START: Connected to Auctioneer. Identity: name='Bidder 24', phone='0700000024', email='bidder24@mail.ro'.
[04-05-2026 21:58:35] [Bidder 24:57074] Placing bid: licitez 8778
[04-05-2026 21:58:35] [Bidder 24:57074] Sending duplicate (deduplication test).
[04-05-2026 21:58:35] [Bidder 24:57074] Waiting for auction result.
[04-05-2026 21:58:54] [Bidder 24:57074] CYCLE_END: Auction result: Licitatie pierduta...
[04-05-2026 22:15:16] [Bidder 24:57759] CYCLE_START: Connected to Auctioneer. Identity: name='Bidder 24', phone='0700000024', email='bidder24@mail.ro'.
[04-05-2026 22:15:16] [Bidder 24:57759] Placing bid: licitez 9859
[04-05-2026 22:15:16] [Bidder 24:57759] Waiting for auction result.
[04-05-2026 22:15:32] [Bidder 24:57759] CYCLE_END: Auction result: Licitatie pierduta...
[04-05-2026 22:16:34] [Bidder 24:57889] CYCLE_START: Connected to Auctioneer. Identity: name='Bidder 24', phone='0700000024', email='bidder24@mail.ro'.
[04-05-2026 22:16:34] [Bidder 24:57889] Placing bid: licitez 1037
[04-05-2026 22:16:34] [Bidder 24:57889] Waiting for auction result.
[04-05-2026 22:16:50] [Bidder 24:57889] CYCLE_END: Auction result: Licitatie pierduta...
[04-05-2026 22:21:04] [Bidder 24:58754] CYCLE_START: Connected to Auctioneer. Identity: name='Bidder 24', phone='0700000024', email='bidder24@mail.ro'.
[04-05-2026 22:21:04] [Bidder 24:58754] Placing bid: licitez 5966
[04-05-2026 22:21:04] [Bidder 24:58754] Sending duplicate (deduplication test).
[04-05-2026 22:21:04] [Bidder 24:58754] Waiting for auction result.
[04-05-2026 22:21:23] [Bidder 24:58754] CYCLE_END: Auction result: Licitatie pierduta...
