[04-05-2026 21:54:39] [Bidder 36:56123] CYCLE_START: Connected to Auctioneer. Identity: name='Bidder 36', phone='0700000036', email='bidder36@mail.ro'.
[04-05-2026 21:54:39] [Bidder 36:56123] Placing bid: licitez 4539
[04-05-2026 21:54:39] [Bidder 36:56123] Sending duplicate (deduplication test).
[04-05-2026 21:54:39] [Bidder 36:56123] Waiting for auction result.
[04-05-2026 21:54:58] [Bidder 36:56123] CYCLE_END: Auction result: Licitatie pierduta...
[04-05-2026 21:56:26] [Bidder 36:56411] CYCLE_START: Connected to Auctioneer. Identity: name='Bidder 36', phone='0700000036', email='bidder36@mail.ro'.
[04-05-2026 21:56:26] [Bidder 36:56411] Placing bid: licitez 7903
[04-05-2026 21:56:26] [Bidder 36:56411] Sending duplicate (deduplication test).
[04-05-2026 21:56:26] [Bidder 36:56411] Waiting for auction result.
[04-05-2026 21:56:42] [Bidder 36:56411] CYCLE_END: Auction result: Licitatie pierduta...
[04-05-2026 21:57:25] [Bidder 36:56532] CYCLE_START: Connected to Auctioneer. Identity: name='Bidder 36', phone='0700000036', email='bidder36@mail.ro'.
[04-05-2026 21:57:25] [Bidder 36:56532] Placing bid: licitez 3355
[04-05-2026 21:57:25] [Bidder 36:56532] Sending duplicate (deduplication test).
[04-05-2026 21:57:25] [Bidder 36:56532] Waiting for auction result.
[04-05-2026 21:58:35] [Bidder 36:57098] RECOVERY: Ciclu anterior intrerupt. Oferta recuperata: licitez 3355.
[04-05-2026 21:58:35] [Bidder 36:57098] CYCLE_START: Connected to Auctioneer. Identity: name='Bidder 36', phone='0700000036', email='bidder36@mail.ro'.
[04-05-2026 21:58:35] [Bidder 36:57098] Placing bid: licitez 3355
[04-05-2026 21:58:35] [Bidder 36:57098] Sending duplicate (deduplication test).
[04-05-2026 21:58:35] [Bidder 36:57098] Waiting for auction result.
[04-05-2026 21:58:54] [Bidder 36:57098] CYCLE_END: Auction result: Licitatie pierduta...
[04-05-2026 22:15:16] [Bidder 36:57783] CYCLE_START: Connected to Auctioneer. Identity: name='Bidder 36', phone='0700000036', email='bidder36@mail.ro'.
[04-05-2026 22:15:16] [Bidder 36:57783] Placing bid: licitez 1398
[04-05-2026 22:15:16] [Bidder 36:57783] Sending duplicate (deduplication test).
[04-05-2026 22:15:16] [Bidder 36:57783] Waiting for auction result.
[04-05-2026 22:15:32] [Bidder 36:57783] CYCLE_END: Auction result: Licitatie pierduta...
[04-05-2026 22:16:35] [Bidder 36:57915] CYCLE_START: Connected to Auctioneer. Identity: name='Bidder 36', phone='0700000036', email='bidder36@mail.ro'.
[04-05-2026 22:16:35] [Bidder 36:57915] Placing bid: licitez 3710
[04-05-2026 22:16:35] [Bidder 36:57915] Waiting for auction result.
[04-05-2026 22:16:50] [Bidder 36:57915] CYCLE_END: Auction result: Licitatie pierduta...
[04-05-2026 22:21:04] [Bidder 36:58780] CYCLE_START: Connected to Auctioneer. Identity: name='Bidder 36', phone='0700000036', email='bidder36@mail.ro'.
[04-05-2026 22:21:04] [Bidder 36:58780] Placing bid: licitez 6489
[04-05-2026 22:21:04] [Bidder 36:58780] Sending duplicate (deduplication test).
[04-05-2026 22:21:04] [Bidder 36:58780] Waiting for auction result.
[04-05-2026 22:21:23] [Bidder 36:58780] CYCLE_END: Auction result: Licitatie pierduta...
