[04-05-2026 21:54:39] [Bidder 34:56119] CYCLE_START: Connected to Auctioneer. Identity: name='Bidder 34', phone='0700000034', email='bidder34@mail.ro'.
[04-05-2026 21:54:39] [Bidder 34:56119] Placing bid: licitez 9486
[04-05-2026 21:54:39] [Bidder 34:56119] Sending duplicate (deduplication test).
[04-05-2026 21:54:39] [Bidder 34:56119] Waiting for auction result.
[04-05-2026 21:54:58] [Bidder 34:56119] CYCLE_END: Auction result: Licitatie pierduta...
[04-05-2026 21:56:26] [Bidder 34:56407] CYCLE_START: Connected to Auctioneer. Identity: name='Bidder 34', phone='0700000034', email='bidder34@mail.ro'.
[04-05-2026 21:56:26] [Bidder 34:56407] Placing bid: licitez 9200
[04-05-2026 21:56:26] [Bidder 34:56407] Sending duplicate (deduplication test).
[04-05-2026 21:56:26] [Bidder 34:56407] Waiting for auction result.
[04-05-2026 21:56:42] [Bidder 34:56407] CYCLE_END: Auction result: Licitatie pierduta...
[04-05-2026 21:57:25] [Bidder 34:56528] CYCLE_START: Connected to Auctioneer. Identity: name='Bidder 34', phone='0700000034', email='bidder34@mail.ro'.
[04-05-2026 21:57:25] [Bidder 34:56528] Placing bid: licitez 7215
[04-05-2026 21:57:25] [Bidder 34:56528] Waiting for auction result.
[04-05-2026 21:58:35] [Bidder 34:57094] RECOVERY: Ciclu anterior intrerupt. Oferta recuperata: licitez 7215.
[04-05-2026 21:58:35] [Bidder 34:57094] CYCLE_START: Connected to Auctioneer. Identity: name='Bidder 34', phone='0700000034', email='bidder34@mail.ro'.
[04-05-2026 21:58:35] [Bidder 34:57094] Placing bid: licitez 7215
[04-05-2026 21:58:35] [Bidder 34:57094] Sending duplicate (deduplication test).
[04-05-2026 21:58:35] [Bidder 34:57094] Waiting for auction result.
[04-05-2026 21:58:54] [Bidder 34:57094] CYCLE_END: Auction result: Licitatie pierduta...
[04-05-2026 22:15:16] [Bidder 34:57779] CYCLE_START: Connected to Auctioneer. Identity: name='Bidder 34', phone='0700000034', email='bidder34@mail.ro'.
[04-05-2026 22:15:16] [Bidder 34:57779] Placing bid: licitez 9218
[04-05-2026 22:15:16] [Bidder 34:57779] Sending duplicate (deduplication test).
[04-05-2026 22:15:16] [Bidder 34:57779] Waiting for auction result.
[04-05-2026 22:15:32] [Bidder 34:57779] CYCLE_END: Auction result: Licitatie pierduta...
[04-05-2026 22:16:34] [Bidder 34:57911] CYCLE_START: Connected to Auctioneer. Identity: name='Bidder 34', phone='0700000034', email='bidder34@mail.ro'.
[04-05-2026 22:16:34] [Bidder 34:57911] Placing bid: licitez 4224
[04-05-2026 22:16:34] [Bidder 34:57911] Sending duplicate (deduplication test).
[04-05-2026 22:16:34] [Bidder 34:57911] Waiting for auction result.
[04-05-2026 22:16:50] [Bidder 34:57911] CYCLE_END: Auction result: Licitatie pierduta...
[04-05-2026 22:21:04] [Bidder 34:58776] CYCLE_START: Connected to Auctioneer. Identity: name='Bidder 34', phone='0700000034', email='bidder34@mail.ro'.
[04-05-2026 22:21:04] [Bidder 34:58776] Placing bid: licitez 4201
[04-05-2026 22:21:04] [Bidder 34:58776] Waiting for auction result.
[04-05-2026 22:21:23] [Bidder 34:58776] CYCLE_END: Auction result: Licitatie pierduta...
