[04-05-2026 21:54:38] [Bidder 28:56107] CYCLE_START: Connected to Auctioneer. Identity: name='Bidder 28', phone='0700000028', email='bidder28@mail.ro'.
[04-05-2026 21:54:38] [Bidder 28:56107] Placing bid: licitez 4322
[04-05-2026 21:54:38] [Bidder 28:56107] Sending duplicate (deduplication test).
[04-05-2026 21:54:38] [Bidder 28:56107] Waiting for auction result.
[04-05-2026 21:54:58] [Bidder 28:56107] CYCLE_END: Auction result: Licitatie pierduta...
[04-05-2026 21:56:26] [Bidder 28:56395] CYCLE_START: Connected to Auctioneer. Identity: name='Bidder 28', phone='0700000028', email='bidder28@mail.ro'.
[04-05-2026 21:56:26] [Bidder 28:56395] Placing bid: licitez 9005
[04-05-2026 21:56:26] [Bidder 28:56395] Sending duplicate (deduplication test).
[04-05-2026 21:56:26] [Bidder 28:56395] Waiting for auction result.
[04-05-2026 21:56:42] [Bidder 28:56395] CYCLE_END: Auction result: Licitatie pierduta...
[04-05-2026 21:57:24] [Bidder 28:56516] CYCLE_START: Connected to Auctioneer. Identity: name='Bidder 28', phone='0700000028', email='bidder28@mail.ro'.
[04-05-2026 21:57:24] [Bidder 28:56516] Placing bid: licitez 4791
[04-05-2026 21:57:24] [Bidder 28:56516] Sending duplicate (deduplication test).
[04-05-2026 21:57:24] [Bidder 28:56516] Waiting for auction result.
[04-05-2026 21:58:35] [Bidder 28:57082] RECOVERY: Ciclu anterior intrerupt. Oferta recuperata: licitez 4791.
[04-05-2026 21:58:35] [Bidder 28:57082] CYCLE_START: Connected to Auctioneer. Identity: name='Bidder 28', phone='0700000028', email='bidder28@mail.ro'.
[04-05-2026 21:58:35] [Bidder 28:57082] Placing bid: licitez 4791
[04-05-2026 21:58:35] [Bidder 28:57082] Waiting for auction result.
[04-05-2026 21:58:54] [Bidder 28:57082] CYCLE_END: Auction result: Licitatie pierduta...
[04-05-2026 22:15:16] [Bidder 28:57767] CYCLE_START: Connected to Auctioneer. Identity: name='Bidder 28', phone='0700000028', email='bidder28@mail.ro'.
[04-05-2026 22:15:16] [Bidder 28:57767] Placing bid: licitez 1643
[04-05-2026 22:15:16] [Bidder 28:57767] Waiting for auction result.
[04-05-2026 22:15:32] [Bidder 28:57767] CYCLE_END: Auction result: Licitatie pierduta...
[04-05-2026 22:16:34] [Bidder 28:57899] CYCLE_START: Connected to Auctioneer. Identity: name='Bidder 28', phone='0700000028', email='bidder28@mail.ro'.
[04-05-2026 22:16:34] [Bidder 28:57899] Placing bid: licitez 4102
[04-05-2026 22:16:34] [Bidder 28:57899] Waiting for auction result.
[04-05-2026 22:16:50] [Bidder 28:57899] CYCLE_END: Auction result: Licitatie pierduta...
[04-05-2026 22:21:04] [Bidder 28:58764] CYCLE_START: Connected to Auctioneer. Identity: name='Bidder 28', phone='0700000028', email='bidder28@mail.ro'.
[04-05-2026 22:21:04] [Bidder 28:58764] Placing bid: licitez 8287
[04-05-2026 22:21:04] [Bidder 28:58764] Sending duplicate (deduplication test).
[04-05-2026 22:21:04] [Bidder 28:58764] Waiting for auction result.
[04-05-2026 22:21:23] [Bidder 28:58764] CYCLE_END: Auction result: Licitatie pierduta...
