[04-05-2026 21:54:39] [Bidder 33:56116] CYCLE_START: Connected to Auctioneer. Identity: name='Bidder 33', phone='0700000033', email='bidder33@mail.ro'.
[04-05-2026 21:54:39] [Bidder 33:56116] Placing bid: licitez 5887
[04-05-2026 21:54:39] [Bidder 33:56116] Sending duplicate (deduplication test).
[04-05-2026 21:54:39] [Bidder 33:56116] Waiting for auction result.
[04-05-2026 21:54:58] [Bidder 33:56116] CYCLE_END: Auction result: Licitatie pierduta...
[04-05-2026 21:56:26] [Bidder 33:56405] CYCLE_START: Connected to Auctioneer. Identity: name='Bidder 33', phone='0700000033', email='bidder33@mail.ro'.
[04-05-2026 21:56:26] [Bidder 33:56405] Placing bid: licitez 9918
[04-05-2026 21:56:26] [Bidder 33:56405] Waiting for auction result.
[04-05-2026 21:56:42] [Bidder 33:56405] CYCLE_END: Auction result: Licitatie pierduta...
[04-05-2026 21:57:25] [Bidder 33:56526] CYCLE_START: Connected to Auctioneer. Identity: name='Bidder 33', phone='0700000033', email='bidder33@mail.ro'.
[04-05-2026 21:57:25] [Bidder 33:56526] Placing bid: licitez 3637
[04-05-2026 21:57:25] [Bidder 33:56526] Waiting for auction result.
[04-05-2026 21:58:35] [Bidder 33:57092] RECOVERY: Ciclu anterior intrerupt. Oferta recuperata: licitez 3637.
[04-05-2026 21:58:35] [Bidder 33:57092] CYCLE_START: Connected to Auctioneer. Identity: name='Bidder 33', phone='0700000033', email='bidder33@mail.ro'.
[04-05-2026 21:58:35] [Bidder 33:57092] Placing bid: licitez 3637
[04-05-2026 21:58:35] [Bidder 33:57092] Waiting for auction result.
[04-05-2026 21:58:54] [Bidder 33:57092] CYCLE_END: Auction result: Licitatie pierduta...
[04-05-2026 22:15:16] [Bidder 33:57777] CYCLE_START: Connected to Auctioneer. Identity: name='Bidder 33', phone='0700000033', email='bidder33@mail.ro'.
[04-05-2026 22:15:16] [Bidder 33:57777] Placing bid: licitez 9062
[04-05-2026 22:15:16] [Bidder 33:57777] Sending duplicate (deduplication test).
[04-05-2026 22:15:16] [Bidder 33:57777] Waiting for auction result.
[04-05-2026 22:15:32] [Bidder 33:57777] CYCLE_END: Auction result: Licitatie pierduta...
[04-05-2026 22:16:34] [Bidder 33:57909] CYCLE_START: Connected to Auctioneer. Identity: name='Bidder 33', phone='0700000033', email='bidder33@mail.ro'.
[04-05-2026 22:16:34] [Bidder 33:57909] Placing bid: licitez 4523
[04-05-2026 22:16:34] [Bidder 33:57909] Waiting for auction result.
[04-05-2026 22:16:50] [Bidder 33:57909] CYCLE_END: Auction result: Licitatie pierduta...
[04-05-2026 22:21:04] [Bidder 33:58774] CYCLE_START: Connected to Auctioneer. Identity: name='Bidder 33', phone='0700000033', email='bidder33@mail.ro'.
[04-05-2026 22:21:04] [Bidder 33:58774] Placing bid: licitez 2820
[04-05-2026 22:21:04] [Bidder 33:58774] Sending duplicate (deduplication test).
[04-05-2026 22:21:04] [Bidder 33:58774] Waiting for auction result.
[04-05-2026 22:21:23] [Bidder 33:58774] CYCLE_END: Auction result: Licitatie pierduta...
