[04-05-2026 21:54:39] [Bidder 40:56131] CYCLE_START: Connected to Auctioneer. Identity: name='Bidder 40', phone='0700000040', email='bidder40@mail.ro'.
[04-05-2026 21:54:39] [Bidder 40:56131] Placing bid: licitez 1052
[04-05-2026 21:54:39] [Bidder 40:56131] Sending duplicate (deduplication test).
[04-05-2026 21:54:39] [Bidder 40:56131] Waiting for auction result.
[04-05-2026 21:54:58] [Bidder 40:56131] CYCLE_END: Auction result: Licitatie pierduta...
[04-05-2026 21:56:27] [Bidder 40:56419] CYCLE_START: Connected to Auctioneer. Identity: name='Bidder 40', phone='0700000040', email='bidder40@mail.ro'.
[04-05-2026 21:56:27] [Bidder 40:56419] Placing bid: licitez 2664
[04-05-2026 21:56:27] [Bidder 40:56419] Sending duplicate (deduplication test).
[04-05-2026 21:56:27] [Bidder 40:56419] Waiting for auction result.
[04-05-2026 21:56:42] [Bidder 40:56419] CYCLE_END: Auction result: Licitatie pierduta...
[04-05-2026 21:57:25] [Bidder 40:56540] CYCLE_START: Connected to Auctioneer. Identity: name='Bidder 40', phone='0700000040', email='bidder40@mail.ro'.
[04-05-2026 21:57:25] [Bidder 40:56540] Placing bid: licitez 9381
[04-05-2026 21:57:25] [Bidder 40:56540] Sending duplicate (deduplication test).
[04-05-2026 21:57:25] [Bidder 40:56540] Waiting for auction result.
[04-05-2026 21:58:35] [Bidder 40:57108] RECOVERY: Ciclu anterior intrerupt. Oferta recuperata: licitez 9381.
[04-05-2026 21:58:35] [Bidder 40:57108] CYCLE_START: Connected to Auctioneer. Identity: name='Bidder 40', phone='0700000040', email='bidder40@mail.ro'.
[04-05-2026 21:58:35] [Bidder 40:57108] Placing bid: licitez 9381
[04-05-2026 21:58:36] [Bidder 40:57108] Waiting for auction result.
[04-05-2026 21:58:54] [Bidder 40:57108] CYCLE_END: Auction result: Licitatie pierduta...
[04-05-2026 22:15:17] [Bidder 40:57791] CYCLE_START: Connected to Auctioneer. Identity: name='Bidder 40', phone='0700000040', email='bidder40@mail.ro'.
[04-05-2026 22:15:17] [Bidder 40:57791] Placing bid: licitez 2571
[04-05-2026 22:15:17] [Bidder 40:57791] Sending duplicate (deduplication test).
[04-05-2026 22:15:17] [Bidder 40:57791] Waiting for auction result.
[04-05-2026 22:15:32] [Bidder 40:57791] CYCLE_END: Auction result: Licitatie pierduta...
[04-05-2026 22:16:35] [Bidder 40:57923] CYCLE_START: Connected to Auctioneer. Identity: name='Bidder 40', phone='0700000040', email='bidder40@mail.ro'.
[04-05-2026 22:16:35] [Bidder 40:57923] Placing bid: licitez 7344
[04-05-2026 22:16:35] [Bidder 40:57923] Sending duplicate (deduplication test).
[04-05-2026 22:16:35] [Bidder 40:57923] Waiting for auction result.
[04-05-2026 22:16:50] [Bidder 40:57923] CYCLE_END: Auction result: Licitatie pierduta...
[04-05-2026 22:21:05] [Bidder 40:58788] CYCLE_START: Connected to Auctioneer. Identity: name='Bidder 40', phone='0700000040', email='bidder40@mail.ro'.
[04-05-2026 22:21:05] [Bidder 40:58788] Placing bid: licitez 1653
[04-05-2026 22:21:05] [Bidder 40:58788] Sending duplicate (deduplication test).
[04-05-2026 22:21:05] [Bidder 40:58788] Waiting for auction result.
[04-05-2026 22:21:23] [Bidder 40:58788] CYCLE_END: Auction result: Licitatie pierduta...
