[04-05-2026 21:54:38] [Bidder 29:56109] CYCLE_START: Connected to Auctioneer. Identity: name='Bidder 29', phone='0700000029', email='bidder29@mail.ro'.
[04-05-2026 21:54:38] [Bidder 29:56109] Placing bid: licitez 4542
[04-05-2026 21:54:38] [Bidder 29:56109] Sending duplicate (deduplication test).
[04-05-2026 21:54:38] [Bidder 29:56109] Waiting for auction result.
[04-05-2026 21:54:58] [Bidder 29:56109] CYCLE_END: Auction result: Licitatie pierduta...
[04-05-2026 21:56:26] [Bidder 29:56397] CYCLE_START: Connected to Auctioneer. Identity: name='Bidder 29', phone='0700000029', email='bidder29@mail.ro'.
[04-05-2026 21:56:26] [Bidder 29:56397] Placing bid: licitez 9590
[04-05-2026 21:56:26] [Bidder 29:56397] Sending duplicate (deduplication test).
[04-05-2026 21:56:26] [Bidder 29:56397] Waiting for auction result.
[04-05-2026 21:56:42] [Bidder 29:56397] CYCLE_END: Auction result: Licitatie pierduta...
[04-05-2026 21:57:24] [Bidder 29:56518] CYCLE_START: Connected to Auctioneer. Identity: name='Bidder 29', phone='0700000029', email='bidder29@mail.ro'.
[04-05-2026 21:57:24] [Bidder 29:56518] Placing bid: licitez 9482
[04-05-2026 21:57:24] [Bidder 29:56518] Sending duplicate (deduplication test).
[04-05-2026 21:57:24] [Bidder 29:56518] Waiting for auction result.
[04-05-2026 21:58:35] [Bidder 29:57084] RECOVERY: Ciclu anterior intrerupt. Oferta recuperata: licitez 9482.
[04-05-2026 21:58:35] [Bidder 29:57084] CYCLE_START: Connected to Auctioneer. Identity: name='Bidder 29', phone='0700000029', email='bidder29@mail.ro'.
[04-05-2026 21:58:35] [Bidder 29:57084] Placing bid: licitez 9482
[04-05-2026 21:58:35] [Bidder 29:57084] Sending duplicate (deduplication test).
[04-05-2026 21:58:35] [Bidder 29:57084] Waiting for auction result.
[04-05-2026 21:58:54] [Bidder 29:57084] CYCLE_END: Auction result: Licitatie pierduta...
[04-05-2026 22:15:16] [Bidder 29:57769] CYCLE_START: Connected to Auctioneer. Identity: name='Bidder 29', phone='0700000029', email='bidder29@mail.ro'.
[04-05-2026 22:15:16] [Bidder 29:57769] Placing bid: licitez 3787
[04-05-2026 22:15:16] [Bidder 29:57769] Waiting for auction result.
[04-05-2026 22:15:32] [Bidder 29:57769] CYCLE_END: Auction result: Licitatie pierduta...
[04-05-2026 22:16:34] [Bidder 29:57901] CYCLE_START: Connected to Auctioneer. Identity: name='Bidder 29', phone='0700000029', email='bidder29@mail.ro'.
[04-05-2026 22:16:34] [Bidder 29:57901] Placing bid: licitez 5395
[04-05-2026 22:16:34] [Bidder 29:57901] Waiting for auction result.
[04-05-2026 22:16:50] [Bidder 29:57901] CYCLE_END: Auction result: Licitatie pierduta...
[04-05-2026 22:21:04] [Bidder 29:58766] CYCLE_START: Connected to Auctioneer. Identity: name='Bidder 29', phone='0700000029', email='bidder29@mail.ro'.
[04-05-2026 22:21:04] [Bidder 29:58766] Placing bid: licitez 8807
[04-05-2026 22:21:04] [Bidder 29:58766] Waiting for auction result.
[04-05-2026 22:21:23] [Bidder 29:58766] CYCLE_END: Auction result: Licitatie pierduta...
