[04-05-2026 21:54:39] [Bidder 32:56115] CYCLE_START: Connected to Auctioneer. Identity: name='Bidder 32', phone='0700000032', email='bidder32@mail.ro'.
[04-05-2026 21:54:39] [Bidder 32:56115] Placing bid: licitez 4840
[04-05-2026 21:54:39] [Bidder 32:56115] Waiting for auction result.
[04-05-2026 21:54:58] [Bidder 32:56115] CYCLE_END: Auction result: Licitatie pierduta...
[04-05-2026 21:56:26] [Bidder 32:56403] CYCLE_START: Connected to Auctioneer. Identity: name='Bidder 32', phone='0700000032', email='bidder32@mail.ro'.
[04-05-2026 21:56:26] [Bidder 32:56403] Placing bid: licitez 7787
[04-05-2026 21:56:26] [Bidder 32:56403] Sending duplicate (deduplication test).
[04-05-2026 21:56:26] [Bidder 32:56403] Waiting for auction result.
[04-05-2026 21:56:42] [Bidder 32:56403] CYCLE_END: Auction result: Licitatie pierduta...
[04-05-2026 21:57:25] [Bidder 32:56524] CYCLE_START: Connected to Auctioneer. Identity: name='Bidder 32', phone='0700000032', email='bidder32@mail.ro'.
[04-05-2026 21:57:25] [Bidder 32:56524] Placing bid: licitez 6819
[04-05-2026 21:57:25] [Bidder 32:56524] Sending duplicate (deduplication test).
[04-05-2026 21:57:25] [Bidder 32:56524] Waiting for auction result.
[04-05-2026 21:58:35] [Bidder 32:57090] RECOVERY: Ciclu anterior intrerupt. Oferta recuperata: licitez 6819.
[04-05-2026 21:58:35] [Bidder 32:57090] CYCLE_START: Connected to Auctioneer. Identity: name='Bidder 32', phone='0700000032', email='bidder32@mail.ro'.
[04-05-2026 21:58:35] [Bidder 32:57090] Placing bid: licitez 6819
[04-05-2026 21:58:35] [Bidder 32:57090] Sending duplicate (deduplication test).
[04-05-2026 21:58:35] [Bidder 32:57090] Waiting for auction result.
[04-05-2026 21:58:54] [Bidder 32:57090] CYCLE_END: Auction result: Licitatie pierduta...
[04-05-2026 22:15:16] [Bidder 32:57775] CYCLE_START: Connected to Auctioneer. Identity: name='Bidder 32', phone='0700000032', email='bidder32@mail.ro'.
[04-05-2026 22:15:16] [Bidder 32:57775] Placing bid: licitez 9769
[04-05-2026 22:15:16] [Bidder 32:57775] Sending duplicate (deduplication test).
[04-05-2026 22:15:16] [Bidder 32:57775] Waiting for auction result.
[04-05-2026 22:15:32] [Bidder 32:57775] CYCLE_END: Auction result: Licitatie pierduta...
[04-05-2026 22:16:34] [Bidder 32:57907] CYCLE_START: Connected to Auctioneer. Identity: name='Bidder 32', phone='0700000032', email='bidder32@mail.ro'.
[04-05-2026 22:16:34] [Bidder 32:57907] Placing bid: licitez 4016
[04-05-2026 22:16:34] [Bidder 32:57907] Waiting for auction result.
[04-05-2026 22:16:50] [Bidder 32:57907] CYCLE_END: Auction result: Licitatie pierduta...
[04-05-2026 22:21:04] [Bidder 32:58772] CYCLE_START: Connected to Auctioneer. Identity: name='Bidder 32', phone='0700000032', email='bidder32@mail.ro'.
[04-05-2026 22:21:04] [Bidder 32:58772] Placing bid: licitez 8502
[04-05-2026 22:21:04] [Bidder 32:58772] Waiting for auction result.
[04-05-2026 22:21:23] [Bidder 32:58772] CYCLE_END: Auction result: Licitatie pierduta...
