[04-05-2026 21:54:38] [Bidder 22:56095] CYCLE_START: Connected to Auctioneer. Identity: name='Bidder 22', phone='0700000022', email='bidder22@mail.ro'.
[04-05-2026 21:54:38] [Bidder 22:56095] Placing bid: licitez 5044
[04-05-2026 21:54:38] [Bidder 22:56095] Waiting for auction result.
[04-05-2026 21:54:58] [Bidder 22:56095] CYCLE_END: Auction result: Licitatie pierduta...
[04-05-2026 21:56:26] [Bidder 22:56383] CYCLE_START: Connected to Auctioneer. Identity: name='Bidder 22', phone='0700000022', email='bidder22@mail.ro'.
[04-05-2026 21:56:26] [Bidder 22:56383] Placing bid: licitez 1395
[04-05-2026 21:56:26] [Bidder 22:56383] Waiting for auction result.
[04-05-2026 21:56:42] [Bidder 22:56383] CYCLE_END: Auction result: Licitatie pierduta...
[04-05-2026 21:57:24] [Bidder 22:56504] CYCLE_START: Connected to Auctioneer. Identity: name='Bidder 22', phone='0700000022', email='bidder22@mail.ro'.
[04-05-2026 21:57:24] [Bidder 22:56504] Placing bid: licitez 4834
[04-05-2026 21:57:24] [Bidder 22:56504] Sending duplicate (deduplication test).
[04-05-2026 21:57:24] [Bidder 22:56504] Waiting for auction result.
[04-05-2026 21:58:34] [Bidder 22:57070] RECOVERY: Ciclu anterior intrerupt. Oferta recuperata: licitez 4834.
[04-05-2026 21:58:34] [Bidder 22:57070] CYCLE_START: Connected to Auctioneer. Identity: name='Bidder 22', phone='0700000022', email='bidder22@mail.ro'.
[04-05-2026 21:58:34] [Bidder 22:57070] Placing bid: licitez 4834
[04-05-2026 21:58:34] [Bidder 22:57070] Sending duplicate (deduplication test).
[04-05-2026 21:58:34] [Bidder 22:57070] Waiting for auction result.
[04-05-2026 21:58:54] [Bidder 22:57070] CYCLE_END: Auction result: Licitatie pierduta...
[04-05-2026 22:15:16] [Bidder 22:57755] CYCLE_START: Connected to Auctioneer. Identity: name='Bidder 22', phone='0700000022', email='bidder22@mail.ro'.
[04-05-2026 22:15:16] [Bidder 22:57755] Placing bid: licitez 7096
[04-05-2026 22:15:16] [Bidder 22:57755] Sending duplicate (deduplication test).
[04-05-2026 22:15:16] [Bidder 22:57755] Waiting for auction result.
[04-05-2026 22:15:32] [Bidder 22:57755] CYCLE_END: Auction result: Licitatie pierduta...
[04-05-2026 22:16:34] [Bidder 22:57885] CYCLE_START: Connected to Auctioneer. Identity: name='Bidder 22', phone='0700000022', email='bidder22@mail.ro'.
[04-05-2026 22:16:34] [Bidder 22:57885] Placing bid: licitez 8346
[04-05-2026 22:16:34] [Bidder 22:57885] Sending duplicate (deduplication test).
[04-05-2026 22:16:34] [Bidder 22:57885] Waiting for auction result.
[04-05-2026 22:16:50] [Bidder 22:57885] CYCLE_END: Auction result: Licitatie pierduta...
[04-05-2026 22:21:04] [Bidder 22:58750] CYCLE_START: Connected to Auctioneer. Identity: name='Bidder 22', phone='0700000022', email='bidder22@mail.ro'.
[04-05-2026 22:21:04] [Bidder 22:58750] Placing bid: licitez 2872
[04-05-2026 22:21:04] [Bidder 22:58750] Sending duplicate (deduplication test).
[04-05-2026 22:21:04] [Bidder 22:58750] Waiting for auction result.
[04-05-2026 22:21:23] [Bidder 22:58750] CYCLE_END: Auction result: Licitatie pierduta...
