[04-05-2026 21:54:39] [Bidder 39:56129] CYCLE_START: Connected to Auctioneer. Identity: name='Bidder 39', phone='0700000039', email='bidder39@mail.ro'.
[04-05-2026 21:54:39] [Bidder 39:56129] Placing bid: licitez 1043
[04-05-2026 21:54:39] [Bidder 39:56129] Sending duplicate (deduplication test).
[04-05-2026 21:54:39] [Bidder 39:56129] Waiting for auction result.
[04-05-2026 21:54:58] [Bidder 39:56129] CYCLE_END: Auction result: Licitatie pierduta...
[04-05-2026 21:56:27] [Bidder 39:56417] CYCLE_START: Connected to Auctioneer. Identity: name='Bidder 39', phone='0700000039', email='bidder39@mail.ro'.
[04-05-2026 21:56:27] [Bidder 39:56417] Placing bid: licitez 3891
[04-05-2026 21:56:27] [Bidder 39:56417] Waiting for auction result.
[04-05-2026 21:56:42] [Bidder 39:56417] CYCLE_END: Auction result: Licitatie pierduta...
[04-05-2026 21:57:25] [Bidder 39:56538] CYCLE_START: Connected to Auctioneer. Identity: name='Bidder 39', phone='0700000039', email='bidder39@mail.ro'.
[04-05-2026 21:57:25] [Bidder 39:56538] Placing bid: licitez 9602
[04-05-2026 21:57:25] [Bidder 39:56538] Waiting for auction result.
[04-05-2026 21:58:35] [Bidder 39:57106] RECOVERY: Ciclu anterior intrerupt. Oferta recuperata: licitez 9602.
[04-05-2026 21:58:35] [Bidder 39:57106] CYCLE_START: Connected to Auctioneer. Identity: name='Bidder 39', phone='0700000039', email='bidder39@mail.ro'.
[04-05-2026 21:58:35] [Bidder 39:57106] Placing bid: licitez 9602
[04-05-2026 21:58:35] [Bidder 39:57106] Sending duplicate (deduplication test).
[04-05-2026 21:58:35] [Bidder 39:57106] Waiting for auction result.
[04-05-2026 21:58:54] [Bidder 39:57106] CYCLE_END: Auction result: Licitatie pierduta...
[04-05-2026 22:15:17] [Bidder 39:57789] CYCLE_START: Connected to Auctioneer. Identity: name='Bidder 39', phone='0700000039', email='bidder39@mail.ro'.
[04-05-2026 22:15:17] [Bidder 39:57789] Placing bid: licitez 9002
[04-05-2026 22:15:17] [Bidder 39:57789] Sending duplicate (deduplication test).
[04-05-2026 22:15:17] [Bidder 39:57789] Waiting for auction result.
[04-05-2026 22:15:32] [Bidder 39:57789] CYCLE_END: Auction result: Licitatie pierduta...
[04-05-2026 22:16:35] [Bidder 39:57921] CYCLE_START: Connected to Auctioneer. Identity: name='Bidder 39', phone='0700000039', email='bidder39@mail.ro'.
[04-05-2026 22:16:35] [Bidder 39:57921] Placing bid: licitez 3392
[04-05-2026 22:16:35] [Bidder 39:57921] Waiting for auction result.
[04-05-2026 22:16:50] [Bidder 39:57921] CYCLE_END: Auction result: Licitatie pierduta...
[04-05-2026 22:21:05] [Bidder 39:58786] CYCLE_START: Connected to Auctioneer. Identity: name='Bidder 39', phone='0700000039', email='bidder39@mail.ro'.
[04-05-2026 22:21:05] [Bidder 39:58786] Placing bid: licitez 2181
[04-05-2026 22:21:05] [Bidder 39:58786] Waiting for auction result.
[04-05-2026 22:21:23] [Bidder 39:58786] CYCLE_END: Auction result: Licitatie pierduta...
