[04-05-2026 21:54:39] [Bidder 37:56125] CYCLE_START: Connected to Auctioneer. Identity: name='Bidder 37', phone='0700000037', email='bidder37@mail.ro'.
[04-05-2026 21:54:39] [Bidder 37:56125] Placing bid: licitez 8019
[04-05-2026 21:54:39] [Bidder 37:56125] Waiting for auction result.
[04-05-2026 21:54:58] [Bidder 37:56125] CYCLE_END: Auction result: Licitatie pierduta...
[04-05-2026 21:56:26] [Bidder 37:56413] CYCLE_START: Connected to Auctioneer. Identity: name='Bidder 37', phone='0700000037', email='bidder37@mail.ro'.
[04-05-2026 21:56:26] [Bidder 37:56413] Placing bid: licitez 3180
[04-05-2026 21:56:26] [Bidder 37:56413] Sending duplicate (deduplication test).
[04-05-2026 21:56:27] [Bidder 37:56413] Waiting for auction result.
[04-05-2026 21:56:42] [Bidder 37:56413] CYCLE_END: Auction result: Licitatie pierduta...
[04-05-2026 21:57:25] [Bidder 37:56534] CYCLE_START: Connected to Auctioneer. Identity: name='Bidder 37', phone='0700000037', email='bidder37@mail.ro'.
[04-05-2026 21:57:25] [Bidder 37:56534] Placing bid: licitez 7120
[04-05-2026 21:57:25] [Bidder 37:56534] Waiting for auction result.
[04-05-2026 21:58:35] [Bidder 37:57102] RECOVERY: Ciclu anterior intrerupt. Oferta recuperata: licitez 7120.
[04-05-2026 21:58:35] [Bidder 37:57102] CYCLE_START: Connected to Auctioneer. Identity: name='Bidder 37', phone='0700000037', email='bidder37@mail.ro'.
[04-05-2026 21:58:35] [Bidder 37:57102] Placing bid: licitez 7120
[04-05-2026 21:58:35] [Bidder 37:57102] Sending duplicate (deduplication test).
[04-05-2026 21:58:35] [Bidder 37:57102] Waiting for auction result.
[04-05-2026 21:58:54] [Bidder 37:57102] CYCLE_END: Auction result: Licitatie pierduta...
[04-05-2026 22:15:17] [Bidder 37:57785] CYCLE_START: Connected to Auctioneer. Identity: name='Bidder 37', phone='0700000037', email='bidder37@mail.ro'.
[04-05-2026 22:15:17] [Bidder 37:57785] Placing bid: licitez 2209
[04-05-2026 22:15:17] [Bidder 37:57785] Sending duplicate (deduplication test).
[04-05-2026 22:15:17] [Bidder 37:57785] Waiting for auction result.
[04-05-2026 22:15:32] [Bidder 37:57785] CYCLE_END: Auction result: Licitatie pierduta...
[04-05-2026 22:16:35] [Bidder 37:57917] CYCLE_START: Connected to Auctioneer. Identity: name='Bidder 37', phone='0700000037', email='bidder37@mail.ro'.
[04-05-2026 22:16:35] [Bidder 37:57917] Placing bid: licitez 8328
[04-05-2026 22:16:35] [Bidder 37:57917] Sending duplicate (deduplication test).
[04-05-2026 22:16:35] [Bidder 37:57917] Waiting for auction result.
[04-05-2026 22:16:50] [Bidder 37:57917] CYCLE_END: Auction result: Licitatie pierduta...
[04-05-2026 22:21:04] [Bidder 37:58782] CYCLE_START: Connected to Auctioneer. Identity: name='Bidder 37', phone='0700000037', email='bidder37@mail.ro'.
[04-05-2026 22:21:04] [Bidder 37:58782] Placing bid: licitez 7782
[04-05-2026 22:21:04] [Bidder 37:58782] Sending duplicate (deduplication test).
[04-05-2026 22:21:04] [Bidder 37:58782] Waiting for auction result.
[04-05-2026 22:21:23] [Bidder 37:58782] CYCLE_END: Auction result: Licitatie pierduta...
