[04-05-2026 21:54:38] [Bidder 30:56111] CYCLE_START: Connected to Auctioneer. Identity: name='Bidder 30', phone='0700000030', email='bidder30@mail.ro'.
[04-05-2026 21:54:38] [Bidder 30:56111] Placing bid: licitez 7061
[04-05-2026 21:54:38] [Bidder 30:56111] Sending duplicate (deduplication test).
[04-05-2026 21:54:38] [Bidder 30:56111] Waiting for auction result.
[04-05-2026 21:54:58] [Bidder 30:56111] CYCLE_END: Auction result: Licitatie pierduta...
[04-05-2026 21:56:26] [Bidder 30:56399] CYCLE_START: Connected to Auctioneer. Identity: name='Bidder 30', phone='0700000030', email='bidder30@mail.ro'.
[04-05-2026 21:56:26] [Bidder 30:56399] Placing bid: licitez 5271
[04-05-2026 21:56:26] [Bidder 30:56399] Waiting for auction result.
[04-05-2026 21:56:42] [Bidder 30:56399] CYCLE_END: Auction result: Licitatie pierduta...
[04-05-2026 21:57:24] [Bidder 30:56520] CYCLE_START: Connected to Auctioneer. Identity: name='Bidder 30', phone='0700000030', email='bidder30@mail.ro'.
[04-05-2026 21:57:24] [Bidder 30:56520] Placing bid: licitez 6336
[04-05-2026 21:57:24] [Bidder 30:56520] Sending duplicate (deduplication test).
[04-05-2026 21:57:24] [Bidder 30:56520] Waiting for auction result.
[04-05-2026 21:58:35] [Bidder 30:57086] RECOVERY: Ciclu anterior intrerupt. Oferta recuperata: licitez 6336.
[04-05-2026 21:58:35] [Bidder 30:57086] CYCLE_START: Connected to Auctioneer. Identity: name='Bidder 30', phone='0700000030', email='bidder30@mail.ro'.
[04-05-2026 21:58:35] [Bidder 30:57086] Placing bid: licitez 6336
[04-05-2026 21:58:35] [Bidder 30:57086] Waiting for auction result.
[04-05-2026 21:58:54] [Bidder 30:57086] CYCLE_END: Auction result: Licitatie pierduta...
[04-05-2026 22:15:16] [Bidder 30:57771] CYCLE_START: Connected to Auctioneer. Identity: name='Bidder 30', phone='0700000030', email='bidder30@mail.ro'.
[04-05-2026 22:15:16] [Bidder 30:57771] Placing bid: licitez 1166
[04-05-2026 22:15:16] [Bidder 30:57771] Waiting for auction result.
[04-05-2026 22:15:32] [Bidder 30:57771] CYCLE_END: Auction result: Licitatie pierduta...
[04-05-2026 22:16:34] [Bidder 30:57903] CYCLE_START: Connected to Auctioneer. Identity: name='Bidder 30', phone='0700000030', email='bidder30@mail.ro'.
[04-05-2026 22:16:34] [Bidder 30:57903] Placing bid: licitez 2225
[04-05-2026 22:16:34] [Bidder 30:57903] Sending duplicate (deduplication test).
[04-05-2026 22:16:34] [Bidder 30:57903] Waiting for auction result.
[04-05-2026 22:16:50] [Bidder 30:57903] CYCLE_END: Auction result: Licitatie pierduta...
[04-05-2026 22:21:04] [Bidder 30:58768] CYCLE_START: Connected to Auctioneer. Identity: name='Bidder 30', phone='0700000030', email='bidder30@mail.ro'.
[04-05-2026 22:21:04] [Bidder 30:58768] Placing bid: licitez 2922
[04-05-2026 22:21:04] [Bidder 30:58768] Sending duplicate (deduplication test).
[04-05-2026 22:21:04] [Bidder 30:58768] Waiting for auction result.
[04-05-2026 22:21:23] [Bidder 30:58768] CYCLE_END: Auction result: Licitatie pierduta...
