[04-05-2026 21:54:39] [Bidder 38:56127] CYCLE_START: Connected to Auctioneer. Identity: name='Bidder 38', phone='0700000038', email='bidder38@mail.ro'.
[04-05-2026 21:54:39] [Bidder 38:56127] Placing bid: licitez 2000
[04-05-2026 21:54:39] [Bidder 38:56127] Sending duplicate (deduplication test).
[04-05-2026 21:54:39] [Bidder 38:56127] Waiting for auction result.
[04-05-2026 21:54:58] [Bidder 38:56127] CYCLE_END: Auction result: Licitatie pierduta...
[04-05-2026 21:56:27] [Bidder 38:56415] CYCLE_START: Connected to Auctioneer. Identity: name='Bidder 38', phone='0700000038', email='bidder38@mail.ro'.
[04-05-2026 21:56:27] [Bidder 38:56415] Placing bid: licitez 5419
[04-05-2026 21:56:27] [Bidder 38:56415] Waiting for auction result.
[04-05-2026 21:56:42] [Bidder 38:56415] CYCLE_END: Auction result: Licitatie pierduta...
[04-05-2026 21:57:25] [Bidder 38:56536] CYCLE_START: Connected to Auctioneer. Identity: name='Bidder 38', phone='0700000038', email='bidder38@mail.ro'.
[04-05-2026 21:57:25] [Bidder 38:56536] Placing bid: licitez 3953
[04-05-2026 21:57:25] [Bidder 38:56536] Sending duplicate (deduplication test).
[04-05-2026 21:57:25] [Bidder 38:56536] Waiting for auction result.
[04-05-2026 21:58:35] [Bidder 38:57104] RECOVERY: Ciclu anterior intrerupt. Oferta recuperata: licitez 3953.
[04-05-2026 21:58:35] [Bidder 38:57104] CYCLE_START: Connected to Auctioneer. Identity: name='Bidder 38', phone='0700000038', email='bidder38@mail.ro'.
[04-05-2026 21:58:35] [Bidder 38:57104] Placing bid: licitez 3953
[04-05-2026 21:58:35] [Bidder 38:57104] Waiting for auction result.
[04-05-2026 21:58:54] [Bidder 38:57104] CYCLE_END: Auction result: Licitatie pierduta...
[04-05-2026 22:15:17] [Bidder 38:57787] CYCLE_START: Connected to Auctioneer. Identity: name='Bidder 38', phone='0700000038', email='bidder38@mail.ro'.
[04-05-2026 22:15:17] [Bidder 38:57787] Placing bid: licitez 6544
[04-05-2026 22:15:17] [Bidder 38:57787] Sending duplicate (deduplication test).
[04-05-2026 22:15:17] [Bidder 38:57787] Waiting for auction result.
[04-05-2026 22:15:32] [Bidder 38:57787] CYCLE_END: Auction result: Licitatie pierduta...
[04-05-2026 22:16:35] [Bidder 38:57919] CYCLE_START: Connected to Auctioneer. Identity: name='Bidder 38', phone='0700000038', email='bidder38@mail.ro'.
[04-05-2026 22:16:35] [Bidder 38:57919] Placing bid: licitez 8238
[04-05-2026 22:16:35] [Bidder 38:57919] Sending duplicate (deduplication test).
[04-05-2026 22:16:35] [Bidder 38:57919] Waiting for auction result.
[04-05-2026 22:16:50] [Bidder 38:57919] CYCLE_END: Auction result: Licitatie pierduta...
[04-05-2026 22:21:04] [Bidder 38:58784] CYCLE_START: Connected to Auctioneer. Identity: name='Bidder 38', phone='0700000038', email='bidder38@mail.ro'.
[04-05-2026 22:21:04] [Bidder 38:58784] Placing bid: licitez 2938
[04-05-2026 22:21:04] [Bidder 38:58784] Waiting for auction result.
[04-05-2026 22:21:23] [Bidder 38:58784] CYCLE_END: Auction result: Licitatie pierduta...
