[28-04-2026 16:17:47] [HeartBeat] HeartBeatMicroservice started on port 2000.
HeartBeatMicroservice se executa pe portul: 2000
Apasati CTRL+C pentru a opri.
[28-04-2026 16:17:48] [HeartBeat] Heartbeat from 'MessageProcessorMicroservice'.
[28-04-2026 16:17:48] [HeartBeat] Heartbeat from 'BiddingProcessorMicroservice'.
[28-04-2026 16:17:49] [HeartBeat] Heartbeat from 'AuctioneerMicroservice'.
[28-04-2026 16:17:49] [HeartBeat] Heartbeat from 'BidderMicroservice:56679'.
[28-04-2026 16:17:49] [HeartBeat] Heartbeat from 'BidderMicroservice:56681'.
[28-04-2026 16:17:49] [HeartBeat] Heartbeat from 'BidderMicroservice:56683'.
[28-04-2026 16:17:49] [HeartBeat] Heartbeat from 'BidderMicroservice:56685'.
[28-04-2026 16:17:49] [HeartBeat] Heartbeat from 'BidderMicroservice:56687'.
[28-04-2026 16:17:49] [HeartBeat] Heartbeat from 'BidderMicroservice:56689'.
[28-04-2026 16:17:49] [HeartBeat] Heartbeat from 'BidderMicroservice:56691'.
[28-04-2026 16:17:49] [HeartBeat] Heartbeat from 'BidderMicroservice:56693'.
[28-04-2026 16:17:50] [HeartBeat] Heartbeat from 'BidderMicroservice:56695'.
[28-04-2026 16:17:50] [HeartBeat] Heartbeat from 'BidderMicroservice:56697'.
[28-04-2026 16:17:52] [HeartBeat] Heartbeat from 'AuctioneerMicroservice'.
[28-04-2026 16:17:52] [HeartBeat] Heartbeat from 'BidderMicroservice:56679'.
[28-04-2026 16:17:52] [HeartBeat] Heartbeat from 'BidderMicroservice:56681'.
[28-04-2026 16:17:52] [HeartBeat] Heartbeat from 'BidderMicroservice:56683'.
[28-04-2026 16:17:52] [HeartBeat] Heartbeat from 'BidderMicroservice:56685'.
[28-04-2026 16:17:52] [HeartBeat] Heartbeat from 'BidderMicroservice:56687'.
[28-04-2026 16:17:52] [HeartBeat] Heartbeat from 'BidderMicroservice:56689'.
[28-04-2026 16:17:52] [HeartBeat] Heartbeat from 'BidderMicroservice:56691'.
[28-04-2026 16:17:52] [HeartBeat] Heartbeat from 'BidderMicroservice:56693'.
[28-04-2026 16:17:53] [HeartBeat] Heartbeat from 'BidderMicroservice:56695'.
[28-04-2026 16:17:53] [HeartBeat] Heartbeat from 'BidderMicroservice:56697'.
[28-04-2026 16:17:55] [HeartBeat] Heartbeat from 'AuctioneerMicroservice'.
[28-04-2026 16:17:55] [HeartBeat] Heartbeat from 'BidderMicroservice:56679'.
[28-04-2026 16:17:55] [HeartBeat] Heartbeat from 'BidderMicroservice:56681'.
[28-04-2026 16:17:55] [HeartBeat] Heartbeat from 'BidderMicroservice:56683'.
[28-04-2026 16:17:55] [HeartBeat] Heartbeat from 'BidderMicroservice:56685'.
[28-04-2026 16:17:55] [HeartBeat] Heartbeat from 'BidderMicroservice:56687'.
[28-04-2026 16:17:55] [HeartBeat] Heartbeat from 'BidderMicroservice:56689'.
[28-04-2026 16:17:55] [HeartBeat] Heartbeat from 'BidderMicroservice:56691'.
[28-04-2026 16:17:55] [HeartBeat] Heartbeat from 'BidderMicroservice:56693'.
[28-04-2026 16:17:56] [HeartBeat] Heartbeat from 'BidderMicroservice:56695'.
[28-04-2026 16:17:56] [HeartBeat] Heartbeat from 'BidderMicroservice:56697'.
[28-04-2026 16:17:58] [HeartBeat] Heartbeat from 'AuctioneerMicroservice'.
[28-04-2026 16:17:58] [HeartBeat] Heartbeat from 'BidderMicroservice:56679'.
[28-04-2026 16:17:58] [HeartBeat] Heartbeat from 'BidderMicroservice:56681'.
[28-04-2026 16:17:58] [HeartBeat] Heartbeat from 'BidderMicroservice:56683'.
[28-04-2026 16:17:58] [HeartBeat] Heartbeat from 'BidderMicroservice:56685'.
[28-04-2026 16:17:58] [HeartBeat] Heartbeat from 'BidderMicroservice:56687'.
[28-04-2026 16:17:58] [HeartBeat] Heartbeat from 'BidderMicroservice:56689'.
[28-04-2026 16:17:58] [HeartBeat] Heartbeat from 'BidderMicroservice:56691'.
[28-04-2026 16:17:58] [HeartBeat] Heartbeat from 'BidderMicroservice:56693'.
[28-04-2026 16:17:59] [HeartBeat] Heartbeat from 'BidderMicroservice:56695'.
[28-04-2026 16:17:59] [HeartBeat] Heartbeat from 'BidderMicroservice:56697'.
[28-04-2026 16:18:01] [HeartBeat] Heartbeat from 'AuctioneerMicroservice'.
[28-04-2026 16:18:01] [HeartBeat] Heartbeat from 'BidderMicroservice:56679'.
[28-04-2026 16:18:01] [HeartBeat] Heartbeat from 'BidderMicroservice:56681'.
[28-04-2026 16:18:01] [HeartBeat] Heartbeat from 'BidderMicroservice:56683'.
[28-04-2026 16:18:01] [HeartBeat] Heartbeat from 'BidderMicroservice:56685'.
[28-04-2026 16:18:01] [HeartBeat] Heartbeat from 'BidderMicroservice:56687'.
[28-04-2026 16:18:01] [HeartBeat] Heartbeat from 'BidderMicroservice:56689'.
[28-04-2026 16:18:01] [HeartBeat] Heartbeat from 'BidderMicroservice:56691'.
[28-04-2026 16:18:01] [HeartBeat] Heartbeat from 'BidderMicroservice:56693'.
[28-04-2026 16:18:02] [HeartBeat] Heartbeat from 'BidderMicroservice:56695'.
[28-04-2026 16:18:02] [HeartBeat] Heartbeat from 'BidderMicroservice:56697'.
[28-04-2026 16:18:04] [HeartBeat] Heartbeat from 'AuctioneerMicroservice'.
[28-04-2026 16:18:04] [HeartBeat] Heartbeat from 'BidderMicroservice:56679'.
[28-04-2026 16:18:04] [HeartBeat] Heartbeat from 'BidderMicroservice:56681'.
[28-04-2026 16:18:04] [HeartBeat] Heartbeat from 'BidderMicroservice:56683'.
[28-04-2026 16:18:04] [HeartBeat] Heartbeat from 'BidderMicroservice:56685'.
[28-04-2026 16:18:04] [HeartBeat] Heartbeat from 'BidderMicroservice:56687'.
[28-04-2026 16:18:04] [HeartBeat] Heartbeat from 'BidderMicroservice:56689'.
[28-04-2026 16:18:04] [HeartBeat] Heartbeat from 'BidderMicroservice:56691'.
[28-04-2026 16:18:04] [HeartBeat] Heartbeat from 'BidderMicroservice:56693'.
[28-04-2026 16:18:05] [HeartBeat] Heartbeat from 'BidderMicroservice:56695'.
[28-04-2026 16:18:05] [HeartBeat] Heartbeat from 'BidderMicroservice:56697'.
[28-04-2026 16:18:05] [HeartBeat] Shutdown signal received. Stopping HeartBeatMicroservice...
[28-04-2026 16:18:05] [HeartBeat] HeartBeatMicroservice stopped.
[28-04-2026 16:18:05] [HeartBeat] Accept loop completed.
