[28-04-2026 16:12:17] [HeartBeat] HeartBeatMicroservice started on port 2000.
[28-04-2026 16:12:17] [HeartBeat] Heartbeat from 'MessageProcessorMicroservice'.
[28-04-2026 16:12:18] [HeartBeat] Heartbeat from 'BiddingProcessorMicroservice'.
[28-04-2026 16:12:18] [HeartBeat] Heartbeat from 'AuctioneerMicroservice'.
[28-04-2026 16:12:19] [HeartBeat] Shutdown signal received. Stopping HeartBeatMicroservice...
[28-04-2026 16:12:19] [HeartBeat] HeartBeatMicroservice stopped.
[28-04-2026 16:15:16] [HeartBeat] HeartBeatMicroservice started on port 2000.
[28-04-2026 16:15:17] [HeartBeat] Heartbeat from 'MessageProcessorMicroservice'.
[28-04-2026 16:15:17] [HeartBeat] Heartbeat from 'BiddingProcessorMicroservice'.
[28-04-2026 16:15:18] [HeartBeat] Heartbeat from 'AuctioneerMicroservice'.
[28-04-2026 16:15:19] [HeartBeat] Heartbeat from 'BidderMicroservice:56472'.
[28-04-2026 16:15:19] [HeartBeat] Heartbeat from 'BidderMicroservice:56474'.
[28-04-2026 16:15:19] [HeartBeat] Heartbeat from 'BidderMicroservice:56476'.
[28-04-2026 16:15:19] [HeartBeat] Heartbeat from 'BidderMicroservice:56478'.
[28-04-2026 16:15:19] [HeartBeat] Heartbeat from 'BidderMicroservice:56480'.
[28-04-2026 16:15:19] [HeartBeat] Heartbeat from 'BidderMicroservice:56482'.
[28-04-2026 16:15:19] [HeartBeat] Heartbeat from 'BidderMicroservice:56484'.
[28-04-2026 16:15:19] [HeartBeat] Heartbeat from 'BidderMicroservice:56486'.
[28-04-2026 16:15:19] [HeartBeat] Heartbeat from 'BidderMicroservice:56488'.
[28-04-2026 16:15:19] [HeartBeat] Heartbeat from 'BidderMicroservice:56490'.
[28-04-2026 16:15:20] [HeartBeat] Heartbeat from 'MessageProcessorMicroservice'.
[28-04-2026 16:15:20] [HeartBeat] Heartbeat from 'BiddingProcessorMicroservice'.
[28-04-2026 16:15:21] [HeartBeat] Heartbeat from 'AuctioneerMicroservice'.
[28-04-2026 16:15:22] [HeartBeat] Heartbeat from 'BidderMicroservice:56472'.
[28-04-2026 16:15:22] [HeartBeat] Heartbeat from 'BidderMicroservice:56474'.
[28-04-2026 16:15:22] [HeartBeat] Heartbeat from 'BidderMicroservice:56476'.
[28-04-2026 16:15:22] [HeartBeat] Heartbeat from 'BidderMicroservice:56478'.
[28-04-2026 16:15:22] [HeartBeat] Heartbeat from 'BidderMicroservice:56480'.
[28-04-2026 16:15:22] [HeartBeat] Heartbeat from 'BidderMicroservice:56482'.
[28-04-2026 16:15:22] [HeartBeat] Heartbeat from 'BidderMicroservice:56484'.
[28-04-2026 16:15:22] [HeartBeat] Heartbeat from 'BidderMicroservice:56486'.
[28-04-2026 16:15:22] [HeartBeat] Heartbeat from 'BidderMicroservice:56488'.
[28-04-2026 16:15:22] [HeartBeat] Heartbeat from 'BidderMicroservice:56490'.
[28-04-2026 16:15:23] [HeartBeat] Heartbeat from 'MessageProcessorMicroservice'.
[28-04-2026 16:15:23] [HeartBeat] Heartbeat from 'BiddingProcessorMicroservice'.
[28-04-2026 16:15:24] [HeartBeat] Heartbeat from 'AuctioneerMicroservice'.
[28-04-2026 16:15:25] [HeartBeat] Heartbeat from 'BidderMicroservice:56472'.
[28-04-2026 16:15:25] [HeartBeat] Heartbeat from 'BidderMicroservice:56474'.
[28-04-2026 16:15:25] [HeartBeat] Heartbeat from 'BidderMicroservice:56476'.
[28-04-2026 16:15:25] [HeartBeat] Heartbeat from 'BidderMicroservice:56478'.
[28-04-2026 16:15:25] [HeartBeat] Heartbeat from 'BidderMicroservice:56480'.
[28-04-2026 16:15:25] [HeartBeat] Heartbeat from 'BidderMicroservice:56482'.
[28-04-2026 16:15:25] [HeartBeat] Heartbeat from 'BidderMicroservice:56484'.
[28-04-2026 16:15:25] [HeartBeat] Heartbeat from 'BidderMicroservice:56486'.
[28-04-2026 16:15:25] [HeartBeat] Heartbeat from 'BidderMicroservice:56488'.
[28-04-2026 16:15:25] [HeartBeat] Heartbeat from 'BidderMicroservice:56490'.
[28-04-2026 16:15:26] [HeartBeat] Heartbeat from 'MessageProcessorMicroservice'.
[28-04-2026 16:15:26] [HeartBeat] Heartbeat from 'BiddingProcessorMicroservice'.
[28-04-2026 16:15:27] [HeartBeat] Heartbeat from 'AuctioneerMicroservice'.
[28-04-2026 16:15:28] [HeartBeat] Heartbeat from 'BidderMicroservice:56472'.
[28-04-2026 16:15:28] [HeartBeat] Heartbeat from 'BidderMicroservice:56474'.
[28-04-2026 16:15:28] [HeartBeat] Heartbeat from 'BidderMicroservice:56476'.
[28-04-2026 16:15:28] [HeartBeat] Heartbeat from 'BidderMicroservice:56478'.
[28-04-2026 16:15:28] [HeartBeat] Heartbeat from 'BidderMicroservice:56480'.
[28-04-2026 16:15:28] [HeartBeat] Heartbeat from 'BidderMicroservice:56482'.
[28-04-2026 16:15:28] [HeartBeat] Heartbeat from 'BidderMicroservice:56484'.
[28-04-2026 16:15:28] [HeartBeat] Heartbeat from 'BidderMicroservice:56486'.
[28-04-2026 16:15:28] [HeartBeat] Heartbeat from 'BidderMicroservice:56488'.
[28-04-2026 16:15:28] [HeartBeat] Heartbeat from 'BidderMicroservice:56490'.
[28-04-2026 16:15:29] [HeartBeat] Heartbeat from 'MessageProcessorMicroservice'.
[28-04-2026 16:15:29] [HeartBeat] Heartbeat from 'BiddingProcessorMicroservice'.
[28-04-2026 16:15:30] [HeartBeat] Heartbeat from 'AuctioneerMicroservice'.
[28-04-2026 16:15:31] [HeartBeat] Heartbeat from 'BidderMicroservice:56472'.
[28-04-2026 16:15:31] [HeartBeat] Heartbeat from 'BidderMicroservice:56474'.
[28-04-2026 16:15:31] [HeartBeat] Heartbeat from 'BidderMicroservice:56476'.
[28-04-2026 16:15:31] [HeartBeat] Heartbeat from 'BidderMicroservice:56478'.
[28-04-2026 16:15:31] [HeartBeat] Heartbeat from 'BidderMicroservice:56480'.
[28-04-2026 16:15:31] [HeartBeat] Heartbeat from 'BidderMicroservice:56482'.
[28-04-2026 16:15:31] [HeartBeat] Heartbeat from 'BidderMicroservice:56484'.
[28-04-2026 16:15:31] [HeartBeat] Heartbeat from 'BidderMicroservice:56486'.
[28-04-2026 16:15:31] [HeartBeat] Heartbeat from 'BidderMicroservice:56488'.
[28-04-2026 16:15:31] [HeartBeat] Heartbeat from 'BidderMicroservice:56490'.
[28-04-2026 16:15:32] [HeartBeat] Heartbeat from 'MessageProcessorMicroservice'.
[28-04-2026 16:15:32] [HeartBeat] Heartbeat from 'BiddingProcessorMicroservice'.
[28-04-2026 16:15:33] [HeartBeat] Heartbeat from 'AuctioneerMicroservice'.
[28-04-2026 16:15:34] [HeartBeat] Heartbeat from 'BidderMicroservice:56472'.
[28-04-2026 16:15:34] [HeartBeat] Heartbeat from 'BidderMicroservice:56474'.
[28-04-2026 16:15:34] [HeartBeat] Heartbeat from 'BidderMicroservice:56476'.
[28-04-2026 16:15:34] [HeartBeat] Heartbeat from 'BidderMicroservice:56478'.
[28-04-2026 16:15:34] [HeartBeat] Heartbeat from 'BidderMicroservice:56480'.
[28-04-2026 16:15:34] [HeartBeat] Heartbeat from 'BidderMicroservice:56482'.
[28-04-2026 16:15:34] [HeartBeat] Heartbeat from 'BidderMicroservice:56484'.
[28-04-2026 16:15:34] [HeartBeat] Heartbeat from 'BidderMicroservice:56486'.
[28-04-2026 16:15:34] [HeartBeat] Heartbeat from 'BidderMicroservice:56488'.
[28-04-2026 16:15:34] [HeartBeat] Heartbeat from 'BidderMicroservice:56490'.
[28-04-2026 16:15:36] [HeartBeat] Heartbeat from 'AuctioneerMicroservice'.
[28-04-2026 16:15:37] [HeartBeat] Heartbeat from 'BidderMicroservice:56472'.
[28-04-2026 16:15:37] [HeartBeat] Heartbeat from 'BidderMicroservice:56474'.
[28-04-2026 16:15:37] [HeartBeat] Heartbeat from 'BidderMicroservice:56476'.
[28-04-2026 16:15:37] [HeartBeat] Heartbeat from 'BidderMicroservice:56478'.
[28-04-2026 16:15:37] [HeartBeat] Heartbeat from 'BidderMicroservice:56480'.
[28-04-2026 16:15:37] [HeartBeat] Heartbeat from 'BidderMicroservice:56482'.
[28-04-2026 16:15:37] [HeartBeat] Heartbeat from 'BidderMicroservice:56484'.
[28-04-2026 16:15:37] [HeartBeat] Heartbeat from 'BidderMicroservice:56486'.
[28-04-2026 16:15:37] [HeartBeat] Heartbeat from 'BidderMicroservice:56488'.
[28-04-2026 16:15:37] [HeartBeat] Heartbeat from 'BidderMicroservice:56490'.
[28-04-2026 16:15:39] [HeartBeat] Heartbeat from 'AuctioneerMicroservice'.
[28-04-2026 16:15:40] [HeartBeat] Heartbeat from 'BidderMicroservice:56472'.
[28-04-2026 16:15:40] [HeartBeat] Heartbeat from 'BidderMicroservice:56474'.
[28-04-2026 16:15:40] [HeartBeat] Heartbeat from 'BidderMicroservice:56476'.
[28-04-2026 16:15:40] [HeartBeat] Heartbeat from 'BidderMicroservice:56478'.
[28-04-2026 16:15:40] [HeartBeat] Heartbeat from 'BidderMicroservice:56480'.
[28-04-2026 16:15:40] [HeartBeat] Heartbeat from 'BidderMicroservice:56482'.
[28-04-2026 16:15:40] [HeartBeat] Heartbeat from 'BidderMicroservice:56484'.
[28-04-2026 16:15:40] [HeartBeat] Heartbeat from 'BidderMicroservice:56486'.
[28-04-2026 16:15:40] [HeartBeat] Heartbeat from 'BidderMicroservice:56488'.
[28-04-2026 16:15:40] [HeartBeat] Heartbeat from 'BidderMicroservice:56490'.
[28-04-2026 16:15:42] [HeartBeat] Heartbeat from 'AuctioneerMicroservice'.
[28-04-2026 16:15:43] [HeartBeat] Heartbeat from 'BidderMicroservice:56472'.
[28-04-2026 16:15:43] [HeartBeat] Heartbeat from 'BidderMicroservice:56474'.
[28-04-2026 16:15:43] [HeartBeat] Heartbeat from 'BidderMicroservice:56476'.
[28-04-2026 16:15:43] [HeartBeat] Heartbeat from 'BidderMicroservice:56478'.
[28-04-2026 16:15:43] [HeartBeat] Heartbeat from 'BidderMicroservice:56480'.
[28-04-2026 16:15:43] [HeartBeat] Heartbeat from 'BidderMicroservice:56482'.
[28-04-2026 16:15:43] [HeartBeat] Heartbeat from 'BidderMicroservice:56484'.
[28-04-2026 16:15:43] [HeartBeat] Heartbeat from 'BidderMicroservice:56486'.
[28-04-2026 16:15:43] [HeartBeat] Heartbeat from 'BidderMicroservice:56488'.
[28-04-2026 16:15:43] [HeartBeat] Heartbeat from 'BidderMicroservice:56490'.
[28-04-2026 16:15:45] [HeartBeat] Heartbeat from 'AuctioneerMicroservice'.
[28-04-2026 16:15:46] [HeartBeat] Heartbeat from 'BidderMicroservice:56472'.
[28-04-2026 16:15:46] [HeartBeat] Heartbeat from 'BidderMicroservice:56474'.
[28-04-2026 16:15:46] [HeartBeat] Heartbeat from 'BidderMicroservice:56476'.
[28-04-2026 16:15:46] [HeartBeat] Heartbeat from 'BidderMicroservice:56478'.
[28-04-2026 16:15:46] [HeartBeat] Heartbeat from 'BidderMicroservice:56480'.
[28-04-2026 16:15:46] [HeartBeat] Heartbeat from 'BidderMicroservice:56482'.
[28-04-2026 16:15:46] [HeartBeat] Heartbeat from 'BidderMicroservice:56484'.
[28-04-2026 16:15:46] [HeartBeat] Heartbeat from 'BidderMicroservice:56486'.
[28-04-2026 16:15:46] [HeartBeat] Heartbeat from 'BidderMicroservice:56488'.
[28-04-2026 16:15:46] [HeartBeat] Heartbeat from 'BidderMicroservice:56490'.
[28-04-2026 16:15:48] [HeartBeat] Heartbeat from 'AuctioneerMicroservice'.
[28-04-2026 16:15:49] [HeartBeat] Heartbeat from 'BidderMicroservice:56472'.
[28-04-2026 16:15:49] [HeartBeat] Heartbeat from 'BidderMicroservice:56474'.
[28-04-2026 16:15:49] [HeartBeat] Heartbeat from 'BidderMicroservice:56476'.
[28-04-2026 16:15:49] [HeartBeat] Heartbeat from 'BidderMicroservice:56478'.
[28-04-2026 16:15:49] [HeartBeat] Heartbeat from 'BidderMicroservice:56480'.
[28-04-2026 16:15:49] [HeartBeat] Heartbeat from 'BidderMicroservice:56482'.
[28-04-2026 16:15:49] [HeartBeat] Heartbeat from 'BidderMicroservice:56484'.
[28-04-2026 16:15:49] [HeartBeat] Heartbeat from 'BidderMicroservice:56486'.
[28-04-2026 16:15:49] [HeartBeat] Heartbeat from 'BidderMicroservice:56488'.
[28-04-2026 16:15:49] [HeartBeat] Heartbeat from 'BidderMicroservice:56490'.
[28-04-2026 16:15:49] [HeartBeat] Shutdown signal received. Stopping HeartBeatMicroservice...
[28-04-2026 16:15:49] [HeartBeat] HeartBeatMicroservice stopped.
[28-04-2026 16:17:47] [HeartBeat] HeartBeatMicroservice started on port 2000.
[28-04-2026 16:17:48] [HeartBeat] Heartbeat from 'MessageProcessorMicroservice'.
[28-04-2026 16:17:48] [HeartBeat] Heartbeat from 'BiddingProcessorMicroservice'.
[28-04-2026 16:17:49] [HeartBeat] Heartbeat from 'AuctioneerMicroservice'.
[28-04-2026 16:17:49] [HeartBeat] Heartbeat from 'BidderMicroservice:56679'.
[28-04-2026 16:17:49] [HeartBeat] Heartbeat from 'BidderMicroservice:56681'.
[28-04-2026 16:17:49] [HeartBeat] Heartbeat from 'BidderMicroservice:56683'.
[28-04-2026 16:17:49] [HeartBeat] Heartbeat from 'BidderMicroservice:56685'.
[28-04-2026 16:17:49] [HeartBeat] Heartbeat from 'BidderMicroservice:56687'.
[28-04-2026 16:17:49] [HeartBeat] Heartbeat from 'BidderMicroservice:56689'.
[28-04-2026 16:17:49] [HeartBeat] Heartbeat from 'BidderMicroservice:56691'.
[28-04-2026 16:17:49] [HeartBeat] Heartbeat from 'BidderMicroservice:56693'.
[28-04-2026 16:17:50] [HeartBeat] Heartbeat from 'BidderMicroservice:56695'.
[28-04-2026 16:17:50] [HeartBeat] Heartbeat from 'BidderMicroservice:56697'.
[28-04-2026 16:17:52] [HeartBeat] Heartbeat from 'AuctioneerMicroservice'.
[28-04-2026 16:17:52] [HeartBeat] Heartbeat from 'BidderMicroservice:56679'.
[28-04-2026 16:17:52] [HeartBeat] Heartbeat from 'BidderMicroservice:56681'.
[28-04-2026 16:17:52] [HeartBeat] Heartbeat from 'BidderMicroservice:56683'.
[28-04-2026 16:17:52] [HeartBeat] Heartbeat from 'BidderMicroservice:56685'.
[28-04-2026 16:17:52] [HeartBeat] Heartbeat from 'BidderMicroservice:56687'.
[28-04-2026 16:17:52] [HeartBeat] Heartbeat from 'BidderMicroservice:56689'.
[28-04-2026 16:17:52] [HeartBeat] Heartbeat from 'BidderMicroservice:56691'.
[28-04-2026 16:17:52] [HeartBeat] Heartbeat from 'BidderMicroservice:56693'.
[28-04-2026 16:17:53] [HeartBeat] Heartbeat from 'BidderMicroservice:56695'.
[28-04-2026 16:17:53] [HeartBeat] Heartbeat from 'BidderMicroservice:56697'.
[28-04-2026 16:17:55] [HeartBeat] Heartbeat from 'AuctioneerMicroservice'.
[28-04-2026 16:17:55] [HeartBeat] Heartbeat from 'BidderMicroservice:56679'.
[28-04-2026 16:17:55] [HeartBeat] Heartbeat from 'BidderMicroservice:56681'.
[28-04-2026 16:17:55] [HeartBeat] Heartbeat from 'BidderMicroservice:56683'.
[28-04-2026 16:17:55] [HeartBeat] Heartbeat from 'BidderMicroservice:56685'.
[28-04-2026 16:17:55] [HeartBeat] Heartbeat from 'BidderMicroservice:56687'.
[28-04-2026 16:17:55] [HeartBeat] Heartbeat from 'BidderMicroservice:56689'.
[28-04-2026 16:17:55] [HeartBeat] Heartbeat from 'BidderMicroservice:56691'.
[28-04-2026 16:17:55] [HeartBeat] Heartbeat from 'BidderMicroservice:56693'.
[28-04-2026 16:17:56] [HeartBeat] Heartbeat from 'BidderMicroservice:56695'.
[28-04-2026 16:17:56] [HeartBeat] Heartbeat from 'BidderMicroservice:56697'.
[28-04-2026 16:17:58] [HeartBeat] Heartbeat from 'AuctioneerMicroservice'.
[28-04-2026 16:17:58] [HeartBeat] Heartbeat from 'BidderMicroservice:56679'.
[28-04-2026 16:17:58] [HeartBeat] Heartbeat from 'BidderMicroservice:56681'.
[28-04-2026 16:17:58] [HeartBeat] Heartbeat from 'BidderMicroservice:56683'.
[28-04-2026 16:17:58] [HeartBeat] Heartbeat from 'BidderMicroservice:56685'.
[28-04-2026 16:17:58] [HeartBeat] Heartbeat from 'BidderMicroservice:56687'.
[28-04-2026 16:17:58] [HeartBeat] Heartbeat from 'BidderMicroservice:56689'.
[28-04-2026 16:17:58] [HeartBeat] Heartbeat from 'BidderMicroservice:56691'.
[28-04-2026 16:17:58] [HeartBeat] Heartbeat from 'BidderMicroservice:56693'.
[28-04-2026 16:17:59] [HeartBeat] Heartbeat from 'BidderMicroservice:56695'.
[28-04-2026 16:17:59] [HeartBeat] Heartbeat from 'BidderMicroservice:56697'.
[28-04-2026 16:18:01] [HeartBeat] Heartbeat from 'AuctioneerMicroservice'.
[28-04-2026 16:18:01] [HeartBeat] Heartbeat from 'BidderMicroservice:56679'.
[28-04-2026 16:18:01] [HeartBeat] Heartbeat from 'BidderMicroservice:56681'.
[28-04-2026 16:18:01] [HeartBeat] Heartbeat from 'BidderMicroservice:56683'.
[28-04-2026 16:18:01] [HeartBeat] Heartbeat from 'BidderMicroservice:56685'.
[28-04-2026 16:18:01] [HeartBeat] Heartbeat from 'BidderMicroservice:56687'.
[28-04-2026 16:18:01] [HeartBeat] Heartbeat from 'BidderMicroservice:56689'.
[28-04-2026 16:18:01] [HeartBeat] Heartbeat from 'BidderMicroservice:56691'.
[28-04-2026 16:18:01] [HeartBeat] Heartbeat from 'BidderMicroservice:56693'.
[28-04-2026 16:18:02] [HeartBeat] Heartbeat from 'BidderMicroservice:56695'.
[28-04-2026 16:18:02] [HeartBeat] Heartbeat from 'BidderMicroservice:56697'.
[28-04-2026 16:18:04] [HeartBeat] Heartbeat from 'AuctioneerMicroservice'.
[28-04-2026 16:18:04] [HeartBeat] Heartbeat from 'BidderMicroservice:56679'.
[28-04-2026 16:18:04] [HeartBeat] Heartbeat from 'BidderMicroservice:56681'.
[28-04-2026 16:18:04] [HeartBeat] Heartbeat from 'BidderMicroservice:56683'.
[28-04-2026 16:18:04] [HeartBeat] Heartbeat from 'BidderMicroservice:56685'.
[28-04-2026 16:18:04] [HeartBeat] Heartbeat from 'BidderMicroservice:56687'.
[28-04-2026 16:18:04] [HeartBeat] Heartbeat from 'BidderMicroservice:56689'.
[28-04-2026 16:18:04] [HeartBeat] Heartbeat from 'BidderMicroservice:56691'.
[28-04-2026 16:18:04] [HeartBeat] Heartbeat from 'BidderMicroservice:56693'.
[28-04-2026 16:18:05] [HeartBeat] Heartbeat from 'BidderMicroservice:56695'.
[28-04-2026 16:18:05] [HeartBeat] Heartbeat from 'BidderMicroservice:56697'.
[28-04-2026 16:18:05] [HeartBeat] Shutdown signal received. Stopping HeartBeatMicroservice...
[28-04-2026 16:18:05] [HeartBeat] HeartBeatMicroservice stopped.
