
  .   ____          _            __ _ _
 /\\ / ___'_ __ _ _(_)_ __  __ _ \ \ \ \
( ( )\___ | '_ | '_| | '_ \/ _` | \ \ \ \
 \\/  ___)| |_)| | | | | || (_| |  ) ) ) )
  '  |____| .__|_| |_|_| |_\__, | / / / /
 =========|_|==============|___/=/_/_/_/
 :: Spring Boot ::       (v2.3.12.RELEASE)

2026-04-21 17:19:05.425  INFO 21009 --- [           main] com.sd.laborator.CacheAppKt              : Starting CacheAppKt on Thinslicess-MacBook-Pro-6.local with PID 21009 (/Users/thinslicesacademy15/Desktop/Facultate/SD/SD_Laborator_06/CacheMicroservice/target/classes started by thinslicesacademy15 in /Users/thinslicesacademy15/Desktop/Facultate/SD/SD_Laborator_06/CacheMicroservice)
2026-04-21 17:19:05.429  INFO 21009 --- [           main] com.sd.laborator.CacheAppKt              : No active profile set, falling back to default profiles: default
2026-04-21 17:19:05.580  WARN 21009 --- [kground-preinit] o.s.h.c.j.Jackson2ObjectMapperBuilder    : For Jackson Kotlin classes support please add "com.fasterxml.jackson.module:jackson-module-kotlin" to the classpath
2026-04-21 17:19:08.174  INFO 21009 --- [           main] o.s.b.w.embedded.tomcat.TomcatWebServer  : Tomcat initialized with port(s): 8081 (http)
2026-04-21 17:19:08.204  INFO 21009 --- [           main] o.apache.catalina.core.StandardService   : Starting service [Tomcat]
2026-04-21 17:19:08.204  INFO 21009 --- [           main] org.apache.catalina.core.StandardEngine  : Starting Servlet engine: [Apache Tomcat/9.0.46]
2026-04-21 17:19:08.352  INFO 21009 --- [           main] o.a.c.c.C.[Tomcat].[localhost].[/]       : Initializing Spring embedded WebApplicationContext
2026-04-21 17:19:08.353  INFO 21009 --- [           main] w.s.c.ServletWebServerApplicationContext : Root WebApplicationContext: initialization completed in 2816 ms
2026-04-21 17:19:08.623  INFO 21009 --- [           main] com.zaxxer.hikari.HikariDataSource       : HikariPool-1 - Starting...
2026-04-21 17:19:09.545  INFO 21009 --- [           main] com.zaxxer.hikari.HikariDataSource       : HikariPool-1 - Start completed.
2026-04-21 17:19:10.416  INFO 21009 --- [           main] o.s.s.concurrent.ThreadPoolTaskExecutor  : Initializing ExecutorService 'applicationTaskExecutor'
2026-04-21 17:19:10.773  WARN 21009 --- [           main] ConfigServletWebServerApplicationContext : Exception encountered during context initialization - cancelling refresh attempt: org.springframework.context.ApplicationContextException: Failed to start bean 'webServerStartStop'; nested exception is org.springframework.boot.web.server.PortInUseException: Port 8081 is already in use
2026-04-21 17:19:10.774  INFO 21009 --- [           main] o.s.s.concurrent.ThreadPoolTaskExecutor  : Shutting down ExecutorService 'applicationTaskExecutor'
2026-04-21 17:19:10.783  INFO 21009 --- [           main] com.zaxxer.hikari.HikariDataSource       : HikariPool-1 - Shutdown initiated...
2026-04-21 17:19:10.786  INFO 21009 --- [           main] com.zaxxer.hikari.HikariDataSource       : HikariPool-1 - Shutdown completed.
2026-04-21 17:19:10.789  INFO 21009 --- [           main] o.apache.catalina.core.StandardService   : Stopping service [Tomcat]
2026-04-21 17:19:10.801  INFO 21009 --- [           main] ConditionEvaluationReportLoggingListener : 

Error starting ApplicationContext. To display the conditions report re-run your application with 'debug' enabled.
2026-04-21 17:19:10.816 ERROR 21009 --- [           main] o.s.b.d.LoggingFailureAnalysisReporter   : 

***************************
APPLICATION FAILED TO START
***************************

Description:

Web server failed to start. Port 8081 was already in use.

Action:

Identify and stop the process that's listening on port 8081 or configure this application to listen on another port.

[ERROR] Failed to execute goal org.springframework.boot:spring-boot-maven-plugin:2.3.12.RELEASE:run (default-cli) on project CacheMicroservice: Application finished with exit code: 1 -> [Help 1]
[ERROR] 
[ERROR] To see the full stack trace of the errors, re-run Maven with the -e switch.
[ERROR] Re-run Maven using the -X switch to enable full debug logging.
[ERROR] 
[ERROR] For more information about the errors and possible solutions, please read the following articles:
[ERROR] [Help 1] http://cwiki.apache.org/confluence/display/MAVEN/MojoExecutionException
