
  .   ____          _            __ _ _
 /\\ / ___'_ __ _ _(_)_ __  __ _ \ \ \ \
( ( )\___ | '_ | '_| | '_ \/ _` | \ \ \ \
 \\/  ___)| |_)| | | | | || (_| |  ) ) ) )
  '  |____| .__|_| |_|_| |_\__, | / / / /
 =========|_|==============|___/=/_/_/_/
 :: Spring Boot ::       (v2.3.12.RELEASE)

2026-04-21 17:19:05.831  INFO 21010 --- [           main] com.sd.laborator.MerkleAppKt             : Starting MerkleAppKt on Thinslicess-MacBook-Pro-6.local with PID 21010 (/Users/thinslicesacademy15/Desktop/Facultate/SD/SD_Laborator_06/MerkleMicroservice/target/classes started by thinslicesacademy15 in /Users/thinslicesacademy15/Desktop/Facultate/SD/SD_Laborator_06/MerkleMicroservice)
2026-04-21 17:19:05.834  INFO 21010 --- [           main] com.sd.laborator.MerkleAppKt             : No active profile set, falling back to default profiles: default
2026-04-21 17:19:06.040  WARN 21010 --- [kground-preinit] o.s.h.c.j.Jackson2ObjectMapperBuilder    : For Jackson Kotlin classes support please add "com.fasterxml.jackson.module:jackson-module-kotlin" to the classpath
2026-04-21 17:19:08.172  INFO 21010 --- [           main] o.s.b.w.embedded.tomcat.TomcatWebServer  : Tomcat initialized with port(s): 8082 (http)
2026-04-21 17:19:08.195  INFO 21010 --- [           main] o.apache.catalina.core.StandardService   : Starting service [Tomcat]
2026-04-21 17:19:08.195  INFO 21010 --- [           main] org.apache.catalina.core.StandardEngine  : Starting Servlet engine: [Apache Tomcat/9.0.46]
2026-04-21 17:19:08.333  INFO 21010 --- [           main] o.a.c.c.C.[Tomcat].[localhost].[/]       : Initializing Spring embedded WebApplicationContext
2026-04-21 17:19:08.333  INFO 21010 --- [           main] w.s.c.ServletWebServerApplicationContext : Root WebApplicationContext: initialization completed in 2339 ms
2026-04-21 17:19:08.739  INFO 21010 --- [           main] o.s.s.concurrent.ThreadPoolTaskExecutor  : Initializing ExecutorService 'applicationTaskExecutor'
2026-04-21 17:19:09.126  WARN 21010 --- [           main] ConfigServletWebServerApplicationContext : Exception encountered during context initialization - cancelling refresh attempt: org.springframework.context.ApplicationContextException: Failed to start bean 'webServerStartStop'; nested exception is org.springframework.boot.web.server.PortInUseException: Port 8082 is already in use
2026-04-21 17:19:09.127  INFO 21010 --- [           main] o.s.s.concurrent.ThreadPoolTaskExecutor  : Shutting down ExecutorService 'applicationTaskExecutor'
2026-04-21 17:19:09.132  INFO 21010 --- [           main] o.apache.catalina.core.StandardService   : Stopping service [Tomcat]
2026-04-21 17:19:09.157  INFO 21010 --- [           main] ConditionEvaluationReportLog2026-04-22 01:13:28.245  INFO 17925 --- [extShutdownHook] o.s.s.concurrent.ThreadPoolTaskExecutor  : Shutting down ExecutorService 'applicationTaskExecutor'
ROR 21010 --- [           main] o.s.b.d.LoggingFailureAnalysisReporter   : 

***************************
APPLICATION FAILED TO START
***************************

Description:

Web server failed to start. Port 8082 was already in use.

Action:

Identify and stop the process that's listening on port 8082 or configure this application to listen on another port.

[ERROR] Failed to execute goal org.springframework.boot:spring-boot-maven-plugin:2.3.12.RELEASE:run (default-cli) on project MerkleMicroservice: Application finished with exit code: 1 -> [Help 1]
[ERROR] 
[ERROR] To see the full stack trace of the errors, re-run Maven with the -e switch.
[ERROR] Re-run Maven using the -X switch to enable full debug logging.
[ERROR] 
[ERROR] For more information about the errors and possible solutions, please read the following articles:
[ERROR] [Help 1] http://cwiki.apache.org/confluence/display/MAVEN/MojoExecutionException
