[29-04-2026 10:59:44] [HeartBeat] HeartBeatMicroservice started on port 2000.
[29-04-2026 10:59:45] [HeartBeat] Heartbeat from 'MessageProcessorMicroservice'.
[29-04-2026 10:59:45] [HeartBeat] Heartbeat from 'BiddingProcessorMicroservice'.
[29-04-2026 10:59:46] [HeartBeat] Heartbeat from 'AuctioneerMicroservice'.
[29-04-2026 10:59:47] [HeartBeat] Heartbeat from 'BidderMicroservice:1'.
[29-04-2026 10:59:47] [HeartBeat] Heartbeat from 'BidderMicroservice:2'.
[29-04-2026 10:59:47] [HeartBeat] Heartbeat from 'BidderMicroservice:3'.
[29-04-2026 10:59:47] [HeartBeat] Heartbeat from 'BidderMicroservice:4'.
[29-04-2026 10:59:47] [HeartBeat] Heartbeat from 'BidderMicroservice:5'.
[29-04-2026 10:59:47] [HeartBeat] Heartbeat from 'BidderMicroservice:6'.
[29-04-2026 10:59:47] [HeartBeat] Heartbeat from 'BidderMicroservice:7'.
[29-04-2026 10:59:47] [HeartBeat] Heartbeat from 'BidderMicroservice:8'.
[29-04-2026 10:59:47] [HeartBeat] Heartbeat from 'BidderMicroservice:9'.
[29-04-2026 10:59:47] [HeartBeat] Heartbeat from 'BidderMicroservice:10'.
[29-04-2026 10:59:47] [HeartBeat] Heartbeat from 'BidderMicroservice:11'.
[29-04-2026 10:59:47] [HeartBeat] Heartbeat from 'BidderMicroservice:12'.
[29-04-2026 10:59:47] [HeartBeat] Heartbeat from 'BidderMicroservice:13'.
[29-04-2026 10:59:47] [HeartBeat] Heartbeat from 'BidderMicroservice:14'.
[29-04-2026 10:59:47] [HeartBeat] Heartbeat from 'BidderMicroservice:15'.
[29-04-2026 10:59:47] [HeartBeat] Heartbeat from 'BidderMicroservice:16'.
[29-04-2026 10:59:48] [HeartBeat] Heartbeat from 'BidderMicroservice:17'.
[29-04-2026 10:59:48] [HeartBeat] Heartbeat from 'BidderMicroservice:18'.
[29-04-2026 10:59:48] [HeartBeat] Heartbeat from 'BidderMicroservice:19'.
[29-04-2026 10:59:48] [HeartBeat] Heartbeat from 'BidderMicroservice:20'.
[29-04-2026 10:59:48] [HeartBeat] Heartbeat from 'BidderMicroservice:21'.
[29-04-2026 10:59:48] [HeartBeat] Heartbeat from 'BidderMicroservice:22'.
[29-04-2026 10:59:48] [HeartBeat] Heartbeat from 'BidderMicroservice:23'.
[29-04-2026 10:59:48] [HeartBeat] Heartbeat from 'BidderMicroservice:24'.
[29-04-2026 10:59:48] [HeartBeat] Heartbeat from 'MessageProcessorMicroservice'.
[29-04-2026 10:59:48] [HeartBeat] Heartbeat from 'BidderMicroservice:25'.
[29-04-2026 10:59:48] [HeartBeat] Heartbeat from 'BidderMicroservice:26'.
[29-04-2026 10:59:48] [HeartBeat] Heartbeat from 'BidderMicroservice:27'.
[29-04-2026 10:59:48] [HeartBeat] Heartbeat from 'BidderMicroservice:28'.
[29-04-2026 10:59:48] [HeartBeat] Heartbeat from 'BidderMicroservice:29'.
[29-04-2026 10:59:48] [HeartBeat] Heartbeat from 'BidderMicroservice:30'.
[29-04-2026 10:59:48] [HeartBeat] Heartbeat from 'BidderMicroservice:31'.
[29-04-2026 10:59:48] [HeartBeat] Heartbeat from 'BidderMicroservice:32'.
[29-04-2026 10:59:48] [HeartBeat] Heartbeat from 'BidderMicroservice:33'.
[29-04-2026 10:59:48] [HeartBeat] Heartbeat from 'BiddingProcessorMicroservice'.
[29-04-2026 10:59:49] [HeartBeat] Heartbeat from 'BidderMicroservice:34'.
[29-04-2026 10:59:49] [HeartBeat] Heartbeat from 'BidderMicroservice:35'.
[29-04-2026 10:59:49] [HeartBeat] Heartbeat from 'BidderMicroservice:36'.
[29-04-2026 10:59:49] [HeartBeat] Heartbeat from 'BidderMicroservice:37'.
[29-04-2026 10:59:49] [HeartBeat] Heartbeat from 'BidderMicroservice:38'.
[29-04-2026 10:59:49] [HeartBeat] Heartbeat from 'BidderMicroservice:39'.
[29-04-2026 10:59:49] [HeartBeat] Heartbeat from 'BidderMicroservice:40'.
[29-04-2026 10:59:49] [HeartBeat] Heartbeat from 'BidderMicroservice:41'.
[29-04-2026 10:59:49] [HeartBeat] Heartbeat from 'BidderMicroservice:42'.
[29-04-2026 10:59:49] [HeartBeat] Heartbeat from 'AuctioneerMicroservice'.
[29-04-2026 10:59:49] [HeartBeat] Heartbeat from 'BidderMicroservice:43'.
[29-04-2026 10:59:49] [HeartBeat] Heartbeat from 'BidderMicroservice:44'.
[29-04-2026 10:59:49] [HeartBeat] Heartbeat from 'BidderMicroservice:45'.
[29-04-2026 10:59:49] [HeartBeat] Heartbeat from 'BidderMicroservice:46'.
[29-04-2026 10:59:49] [HeartBeat] Heartbeat from 'BidderMicroservice:47'.
[29-04-2026 10:59:49] [HeartBeat] Heartbeat from 'BidderMicroservice:48'.
[29-04-2026 10:59:49] [HeartBeat] Heartbeat from 'BidderMicroservice:49'.
[29-04-2026 10:59:49] [HeartBeat] Heartbeat from 'BidderMicroservice:50'.
[29-04-2026 10:59:50] [HeartBeat] Heartbeat from 'BidderMicroservice:51'.
[29-04-2026 10:59:50] [HeartBeat] Heartbeat from 'BidderMicroservice:52'.
[29-04-2026 10:59:50] [HeartBeat] Heartbeat from 'BidderMicroservice:1'.
[29-04-2026 10:59:50] [HeartBeat] Heartbeat from 'BidderMicroservice:53'.
[29-04-2026 10:59:50] [HeartBeat] Heartbeat from 'BidderMicroservice:2'.
[29-04-2026 10:59:50] [HeartBeat] Heartbeat from 'BidderMicroservice:54'.
[29-04-2026 10:59:50] [HeartBeat] Heartbeat from 'BidderMicroservice:3'.
[29-04-2026 10:59:50] [HeartBeat] Heartbeat from 'BidderMicroservice:55'.
[29-04-2026 10:59:50] [HeartBeat] Heartbeat from 'BidderMicroservice:4'.
[29-04-2026 10:59:50] [HeartBeat] Heartbeat from 'BidderMicroservice:5'.
[29-04-2026 10:59:50] [HeartBeat] Heartbeat from 'BidderMicroservice:6'.
[29-04-2026 10:59:50] [HeartBeat] Heartbeat from 'BidderMicroservice:56'.
[29-04-2026 10:59:50] [HeartBeat] Heartbeat from 'BidderMicroservice:57'.
[29-04-2026 10:59:50] [HeartBeat] Heartbeat from 'BidderMicroservice:7'.
[29-04-2026 10:59:50] [HeartBeat] Heartbeat from 'BidderMicroservice:58'.
[29-04-2026 10:59:50] [HeartBeat] Heartbeat from 'BidderMicroservice:8'.
[29-04-2026 10:59:50] [HeartBeat] Heartbeat from 'BidderMicroservice:59'.
[29-04-2026 10:59:50] [HeartBeat] Heartbeat from 'BidderMicroservice:9'.
[29-04-2026 10:59:50] [HeartBeat] Heartbeat from 'BidderMicroservice:60'.
[29-04-2026 10:59:50] [HeartBeat] Heartbeat from 'BidderMicroservice:10'.
[29-04-2026 10:59:50] [HeartBeat] Heartbeat from 'BidderMicroservice:61'.
[29-04-2026 10:59:50] [HeartBeat] Heartbeat from 'BidderMicroservice:11'.
[29-04-2026 10:59:50] [HeartBeat] Heartbeat from 'BidderMicroservice:62'.
[29-04-2026 10:59:50] [HeartBeat] Heartbeat from 'BidderMicroservice:12'.
[29-04-2026 10:59:50] [HeartBeat] Heartbeat from 'BidderMicroservice:63'.
[29-04-2026 10:59:50] [HeartBeat] Heartbeat from 'BidderMicroservice:13'.
[29-04-2026 10:59:50] [HeartBeat] Heartbeat from 'BidderMicroservice:64'.
[29-04-2026 10:59:50] [HeartBeat] Heartbeat from 'BidderMicroservice:14'.
[29-04-2026 10:59:50] [HeartBeat] Heartbeat from 'BidderMicroservice:65'.
[29-04-2026 10:59:50] [HeartBeat] Heartbeat from 'BidderMicroservice:15'.
[29-04-2026 10:59:50] [HeartBeat] Heartbeat from 'BidderMicroservice:66'.
[29-04-2026 10:59:50] [HeartBeat] Heartbeat from 'BidderMicroservice:67'.
[29-04-2026 10:59:50] [HeartBeat] Heartbeat from 'BidderMicroservice:16'.
[29-04-2026 10:59:51] [HeartBeat] Heartbeat from 'BidderMicroservice:68'.
[29-04-2026 10:59:51] [HeartBeat] Heartbeat from 'BidderMicroservice:17'.
[29-04-2026 10:59:51] [HeartBeat] Heartbeat from 'BidderMicroservice:69'.
[29-04-2026 10:59:51] [HeartBeat] Heartbeat from 'BidderMicroservice:18'.
[29-04-2026 10:59:51] [HeartBeat] Heartbeat from 'BidderMicroservice:19'.
[29-04-2026 10:59:51] [HeartBeat] Heartbeat from 'BidderMicroservice:70'.
[29-04-2026 10:59:51] [HeartBeat] Heartbeat from 'BidderMicroservice:20'.
[29-04-2026 10:59:51] [HeartBeat] Heartbeat from 'BidderMicroservice:71'.
[29-04-2026 10:59:51] [HeartBeat] Heartbeat from 'BidderMicroservice:21'.
[29-04-2026 10:59:51] [HeartBeat] Heartbeat from 'BidderMicroservice:72'.
[29-04-2026 10:59:51] [HeartBeat] Heartbeat from 'BidderMicroservice:22'.
[29-04-2026 10:59:51] [HeartBeat] Heartbeat from 'BidderMicroservice:73'.
[29-04-2026 10:59:51] [HeartBeat] Heartbeat from 'BidderMicroservice:23'.
[29-04-2026 10:59:51] [HeartBeat] Heartbeat from 'BidderMicroservice:74'.
[29-04-2026 10:59:51] [HeartBeat] Heartbeat from 'BidderMicroservice:24'.
[29-04-2026 10:59:51] [HeartBeat] Heartbeat from 'MessageProcessorMicroservice'.
[29-04-2026 10:59:51] [HeartBeat] Heartbeat from 'BidderMicroservice:75'.
[29-04-2026 10:59:51] [HeartBeat] Heartbeat from 'BidderMicroservice:25'.
[29-04-2026 10:59:51] [HeartBeat] Heartbeat from 'BidderMicroservice:76'.
[29-04-2026 10:59:51] [HeartBeat] Heartbeat from 'BidderMicroservice:26'.
[29-04-2026 10:59:51] [HeartBeat] Heartbeat from 'BidderMicroservice:77'.
[29-04-2026 10:59:51] [HeartBeat] Heartbeat from 'BidderMicroservice:78'.
[29-04-2026 10:59:51] [HeartBeat] Heartbeat from 'BidderMicroservice:27'.
[29-04-2026 10:59:51] [HeartBeat] Heartbeat from 'BidderMicroservice:79'.
[29-04-2026 10:59:51] [HeartBeat] Heartbeat from 'BidderMicroservice:28'.
[29-04-2026 10:59:51] [HeartBeat] Heartbeat from 'BidderMicroservice:29'.
[29-04-2026 10:59:51] [HeartBeat] Heartbeat from 'BidderMicroservice:80'.
[29-04-2026 10:59:51] [HeartBeat] Heartbeat from 'BidderMicroservice:30'.
[29-04-2026 10:59:51] [HeartBeat] Heartbeat from 'BidderMicroservice:81'.
[29-04-2026 10:59:51] [HeartBeat] Heartbeat from 'BidderMicroservice:31'.
[29-04-2026 10:59:51] [HeartBeat] Heartbeat from 'BidderMicroservice:82'.
[29-04-2026 10:59:51] [HeartBeat] Heartbeat from 'BidderMicroservice:32'.
[29-04-2026 10:59:51] [HeartBeat] Heartbeat from 'BidderMicroservice:83'.
[29-04-2026 10:59:51] [HeartBeat] Heartbeat from 'BidderMicroservice:33'.
[29-04-2026 10:59:51] [HeartBeat] Heartbeat from 'BidderMicroservice:84'.
[29-04-2026 10:59:51] [HeartBeat] Heartbeat from 'BiddingProcessorMicroservice'.
[29-04-2026 10:59:52] [HeartBeat] Heartbeat from 'BidderMicroservice:34'.
[29-04-2026 10:59:52] [HeartBeat] Heartbeat from 'BidderMicroservice:85'.
[29-04-2026 10:59:52] [HeartBeat] Heartbeat from 'BidderMicroservice:35'.
[29-04-2026 10:59:52] [HeartBeat] Heartbeat from 'BidderMicroservice:86'.
[29-04-2026 10:59:52] [HeartBeat] Heartbeat from 'BidderMicroservice:36'.
[29-04-2026 10:59:52] [HeartBeat] Heartbeat from 'BidderMicroservice:87'.
[29-04-2026 10:59:52] [HeartBeat] Heartbeat from 'BidderMicroservice:37'.
[29-04-2026 10:59:52] [HeartBeat] Heartbeat from 'BidderMicroservice:88'.
[29-04-2026 10:59:52] [HeartBeat] Heartbeat from 'BidderMicroservice:89'.
[29-04-2026 10:59:52] [HeartBeat] Heartbeat from 'BidderMicroservice:38'.
[29-04-2026 10:59:52] [HeartBeat] Heartbeat from 'BidderMicroservice:90'.
[29-04-2026 10:59:52] [HeartBeat] Heartbeat from 'BidderMicroservice:39'.
[29-04-2026 10:59:52] [HeartBeat] Heartbeat from 'BidderMicroservice:40'.
[29-04-2026 10:59:52] [HeartBeat] Heartbeat from 'BidderMicroservice:91'.
[29-04-2026 10:59:52] [HeartBeat] Heartbeat from 'BidderMicroservice:41'.
[29-04-2026 10:59:52] [HeartBeat] Heartbeat from 'BidderMicroservice:92'.
[29-04-2026 10:59:52] [HeartBeat] Heartbeat from 'BidderMicroservice:42'.
[29-04-2026 10:59:52] [HeartBeat] Heartbeat from 'BidderMicroservice:93'.
[29-04-2026 10:59:52] [HeartBeat] Heartbeat from 'AuctioneerMicroservice'.
[29-04-2026 10:59:52] [HeartBeat] Heartbeat from 'BidderMicroservice:43'.
[29-04-2026 10:59:52] [HeartBeat] Heartbeat from 'BidderMicroservice:94'.
[29-04-2026 10:59:52] [HeartBeat] Heartbeat from 'BidderMicroservice:44'.
[29-04-2026 10:59:52] [HeartBeat] Heartbeat from 'BidderMicroservice:95'.
[29-04-2026 10:59:52] [HeartBeat] Heartbeat from 'BidderMicroservice:96'.
[29-04-2026 10:59:52] [HeartBeat] Heartbeat from 'BidderMicroservice:45'.
[29-04-2026 10:59:52] [HeartBeat] Heartbeat from 'BidderMicroservice:46'.
[29-04-2026 10:59:52] [HeartBeat] Heartbeat from 'BidderMicroservice:97'.
[29-04-2026 10:59:52] [HeartBeat] Heartbeat from 'BidderMicroservice:47'.
[29-04-2026 10:59:52] [HeartBeat] Heartbeat from 'BidderMicroservice:98'.
[29-04-2026 10:59:52] [HeartBeat] Heartbeat from 'BidderMicroservice:48'.
[29-04-2026 10:59:52] [HeartBeat] Heartbeat from 'BidderMicroservice:99'.
[29-04-2026 10:59:52] [HeartBeat] Heartbeat from 'BidderMicroservice:49'.
[29-04-2026 10:59:52] [HeartBeat] Heartbeat from 'BidderMicroservice:100'.
[29-04-2026 10:59:52] [HeartBeat] Heartbeat from 'BidderMicroservice:50'.
[29-04-2026 10:59:53] [HeartBeat] Heartbeat from 'BidderMicroservice:51'.
[29-04-2026 10:59:53] [HeartBeat] Heartbeat from 'BidderMicroservice:52'.
[29-04-2026 10:59:53] [HeartBeat] Heartbeat from 'BidderMicroservice:1'.
[29-04-2026 10:59:53] [HeartBeat] Heartbeat from 'BidderMicroservice:53'.
[29-04-2026 10:59:53] [HeartBeat] Heartbeat from 'BidderMicroservice:2'.
[29-04-2026 10:59:53] [HeartBeat] Heartbeat from 'BidderMicroservice:54'.
[29-04-2026 10:59:53] [HeartBeat] Heartbeat from 'BidderMicroservice:3'.
[29-04-2026 10:59:53] [HeartBeat] Heartbeat from 'BidderMicroservice:55'.
[29-04-2026 10:59:53] [HeartBeat] Heartbeat from 'BidderMicroservice:4'.
[29-04-2026 10:59:53] [HeartBeat] Heartbeat from 'BidderMicroservice:5'.
[29-04-2026 10:59:53] [HeartBeat] Heartbeat from 'BidderMicroservice:6'.
[29-04-2026 10:59:53] [HeartBeat] Heartbeat from 'BidderMicroservice:56'.
[29-04-2026 10:59:53] [HeartBeat] Heartbeat from 'BidderMicroservice:57'.
[29-04-2026 10:59:53] [HeartBeat] Heartbeat from 'BidderMicroservice:7'.
[29-04-2026 10:59:53] [HeartBeat] Heartbeat from 'BidderMicroservice:58'.
[29-04-2026 10:59:53] [HeartBeat] Heartbeat from 'BidderMicroservice:8'.
[29-04-2026 10:59:53] [HeartBeat] Heartbeat from 'BidderMicroservice:59'.
[29-04-2026 10:59:53] [HeartBeat] Heartbeat from 'BidderMicroservice:9'.
[29-04-2026 10:59:53] [HeartBeat] Heartbeat from 'BidderMicroservice:60'.
[29-04-2026 10:59:53] [HeartBeat] Heartbeat from 'BidderMicroservice:10'.
[29-04-2026 10:59:53] [HeartBeat] Heartbeat from 'BidderMicroservice:61'.
[29-04-2026 10:59:53] [HeartBeat] Heartbeat from 'BidderMicroservice:11'.
[29-04-2026 10:59:53] [HeartBeat] Heartbeat from 'BidderMicroservice:62'.
[29-04-2026 10:59:53] [HeartBeat] Heartbeat from 'BidderMicroservice:12'.
[29-04-2026 10:59:53] [HeartBeat] Heartbeat from 'BidderMicroservice:63'.
[29-04-2026 10:59:53] [HeartBeat] Heartbeat from 'BidderMicroservice:13'.
[29-04-2026 10:59:53] [HeartBeat] Heartbeat from 'BidderMicroservice:64'.
[29-04-2026 10:59:53] [HeartBeat] Heartbeat from 'BidderMicroservice:14'.
[29-04-2026 10:59:53] [HeartBeat] Heartbeat from 'BidderMicroservice:65'.
[29-04-2026 10:59:53] [HeartBeat] Heartbeat from 'BidderMicroservice:15'.
[29-04-2026 10:59:53] [HeartBeat] Heartbeat from 'BidderMicroservice:66'.
[29-04-2026 10:59:53] [HeartBeat] Heartbeat from 'BidderMicroservice:67'.
[29-04-2026 10:59:53] [HeartBeat] Heartbeat from 'BidderMicroservice:16'.
[29-04-2026 10:59:54] [HeartBeat] Heartbeat from 'BidderMicroservice:68'.
[29-04-2026 10:59:54] [HeartBeat] Heartbeat from 'BidderMicroservice:17'.
[29-04-2026 10:59:54] [HeartBeat] Heartbeat from 'BidderMicroservice:69'.
[29-04-2026 10:59:54] [HeartBeat] Heartbeat from 'BidderMicroservice:18'.
[29-04-2026 10:59:54] [HeartBeat] Heartbeat from 'BidderMicroservice:19'.
[29-04-2026 10:59:54] [HeartBeat] Heartbeat from 'BidderMicroservice:70'.
[29-04-2026 10:59:54] [HeartBeat] Heartbeat from 'BidderMicroservice:20'.
[29-04-2026 10:59:54] [HeartBeat] Heartbeat from 'BidderMicroservice:71'.
[29-04-2026 10:59:54] [HeartBeat] Heartbeat from 'BidderMicroservice:21'.
[29-04-2026 10:59:54] [HeartBeat] Heartbeat from 'BidderMicroservice:72'.
[29-04-2026 10:59:54] [HeartBeat] Heartbeat from 'BidderMicroservice:22'.
[29-04-2026 10:59:54] [HeartBeat] Heartbeat from 'BidderMicroservice:73'.
[29-04-2026 10:59:54] [HeartBeat] Heartbeat from 'BidderMicroservice:23'.
[29-04-2026 10:59:54] [HeartBeat] Heartbeat from 'BidderMicroservice:74'.
[29-04-2026 10:59:54] [HeartBeat] Heartbeat from 'BidderMicroservice:24'.
[29-04-2026 10:59:54] [HeartBeat] Heartbeat from 'MessageProcessorMicroservice'.
[29-04-2026 10:59:54] [HeartBeat] Heartbeat from 'BidderMicroservice:75'.
[29-04-2026 10:59:54] [HeartBeat] Heartbeat from 'BidderMicroservice:25'.
[29-04-2026 10:59:54] [HeartBeat] Heartbeat from 'BidderMicroservice:26'.
[29-04-2026 10:59:54] [HeartBeat] Heartbeat from 'BidderMicroservice:76'.
[29-04-2026 10:59:54] [HeartBeat] Heartbeat from 'BidderMicroservice:77'.
[29-04-2026 10:59:54] [HeartBeat] Heartbeat from 'BidderMicroservice:78'.
[29-04-2026 10:59:54] [HeartBeat] Heartbeat from 'BidderMicroservice:27'.
[29-04-2026 10:59:54] [HeartBeat] Heartbeat from 'BidderMicroservice:28'.
[29-04-2026 10:59:54] [HeartBeat] Heartbeat from 'BidderMicroservice:79'.
[29-04-2026 10:59:54] [HeartBeat] Heartbeat from 'BidderMicroservice:29'.
[29-04-2026 10:59:54] [HeartBeat] Heartbeat from 'BidderMicroservice:80'.
[29-04-2026 10:59:54] [HeartBeat] Heartbeat from 'BidderMicroservice:30'.
[29-04-2026 10:59:54] [HeartBeat] Heartbeat from 'BidderMicroservice:81'.
[29-04-2026 10:59:54] [HeartBeat] Heartbeat from 'BidderMicroservice:31'.
[29-04-2026 10:59:54] [HeartBeat] Heartbeat from 'BidderMicroservice:82'.
[29-04-2026 10:59:54] [HeartBeat] Heartbeat from 'BidderMicroservice:32'.
[29-04-2026 10:59:54] [HeartBeat] Heartbeat from 'BidderMicroservice:83'.
[29-04-2026 10:59:54] [HeartBeat] Heartbeat from 'BidderMicroservice:33'.
[29-04-2026 10:59:54] [HeartBeat] Heartbeat from 'BidderMicroservice:84'.
[29-04-2026 10:59:54] [HeartBeat] Heartbeat from 'BiddingProcessorMicroservice'.
[29-04-2026 10:59:55] [HeartBeat] Heartbeat from 'BidderMicroservice:34'.
[29-04-2026 10:59:55] [HeartBeat] Heartbeat from 'BidderMicroservice:85'.
[29-04-2026 10:59:55] [HeartBeat] Heartbeat from 'BidderMicroservice:35'.
[29-04-2026 10:59:55] [HeartBeat] Heartbeat from 'BidderMicroservice:86'.
[29-04-2026 10:59:55] [HeartBeat] Heartbeat from 'BidderMicroservice:36'.
[29-04-2026 10:59:55] [HeartBeat] Heartbeat from 'BidderMicroservice:87'.
[29-04-2026 10:59:55] [HeartBeat] Heartbeat from 'BidderMicroservice:37'.
[29-04-2026 10:59:55] [HeartBeat] Heartbeat from 'BidderMicroservice:88'.
[29-04-2026 10:59:55] [HeartBeat] Heartbeat from 'BidderMicroservice:38'.
[29-04-2026 10:59:55] [HeartBeat] Heartbeat from 'BidderMicroservice:89'.
[29-04-2026 10:59:55] [HeartBeat] Heartbeat from 'BidderMicroservice:39'.
[29-04-2026 10:59:55] [HeartBeat] Heartbeat from 'BidderMicroservice:90'.
[29-04-2026 10:59:55] [HeartBeat] Heartbeat from 'BidderMicroservice:40'.
[29-04-2026 10:59:55] [HeartBeat] Heartbeat from 'BidderMicroservice:91'.
[29-04-2026 10:59:55] [HeartBeat] Heartbeat from 'BidderMicroservice:41'.
[29-04-2026 10:59:55] [HeartBeat] Heartbeat from 'BidderMicroservice:92'.
[29-04-2026 10:59:55] [HeartBeat] Heartbeat from 'BidderMicroservice:42'.
[29-04-2026 10:59:55] [HeartBeat] Heartbeat from 'BidderMicroservice:93'.
[29-04-2026 10:59:55] [HeartBeat] Heartbeat from 'AuctioneerMicroservice'.
[29-04-2026 10:59:55] [HeartBeat] Heartbeat from 'BidderMicroservice:43'.
[29-04-2026 10:59:55] [HeartBeat] Heartbeat from 'BidderMicroservice:94'.
[29-04-2026 10:59:55] [HeartBeat] Heartbeat from 'BidderMicroservice:44'.
[29-04-2026 10:59:55] [HeartBeat] Heartbeat from 'BidderMicroservice:95'.
[29-04-2026 10:59:55] [HeartBeat] Heartbeat from 'BidderMicroservice:45'.
[29-04-2026 10:59:55] [HeartBeat] Heartbeat from 'BidderMicroservice:96'.
[29-04-2026 10:59:55] [HeartBeat] Heartbeat from 'BidderMicroservice:46'.
[29-04-2026 10:59:55] [HeartBeat] Heartbeat from 'BidderMicroservice:97'.
[29-04-2026 10:59:55] [HeartBeat] Heartbeat from 'BidderMicroservice:47'.
[29-04-2026 10:59:55] [HeartBeat] Heartbeat from 'BidderMicroservice:98'.
[29-04-2026 10:59:55] [HeartBeat] Heartbeat from 'BidderMicroservice:48'.
[29-04-2026 10:59:55] [HeartBeat] Heartbeat from 'BidderMicroservice:99'.
[29-04-2026 10:59:55] [HeartBeat] Heartbeat from 'BidderMicroservice:49'.
[29-04-2026 10:59:55] [HeartBeat] Heartbeat from 'BidderMicroservice:100'.
[29-04-2026 10:59:55] [HeartBeat] Heartbeat from 'BidderMicroservice:50'.
[29-04-2026 10:59:56] [HeartBeat] Heartbeat from 'BidderMicroservice:51'.
[29-04-2026 10:59:56] [HeartBeat] Heartbeat from 'BidderMicroservice:52'.
[29-04-2026 10:59:56] [HeartBeat] Heartbeat from 'BidderMicroservice:1'.
[29-04-2026 10:59:56] [HeartBeat] Heartbeat from 'BidderMicroservice:53'.
[29-04-2026 10:59:56] [HeartBeat] Heartbeat from 'BidderMicroservice:2'.
[29-04-2026 10:59:56] [HeartBeat] Heartbeat from 'BidderMicroservice:54'.
[29-04-2026 10:59:56] [HeartBeat] Heartbeat from 'BidderMicroservice:3'.
[29-04-2026 10:59:56] [HeartBeat] Heartbeat from 'BidderMicroservice:55'.
[29-04-2026 10:59:56] [HeartBeat] Heartbeat from 'BidderMicroservice:4'.
[29-04-2026 10:59:56] [HeartBeat] Heartbeat from 'BidderMicroservice:5'.
[29-04-2026 10:59:56] [HeartBeat] Heartbeat from 'BidderMicroservice:6'.
[29-04-2026 10:59:56] [HeartBeat] Heartbeat from 'BidderMicroservice:56'.
[29-04-2026 10:59:56] [HeartBeat] Heartbeat from 'BidderMicroservice:57'.
[29-04-2026 10:59:56] [HeartBeat] Heartbeat from 'BidderMicroservice:7'.
[29-04-2026 10:59:56] [HeartBeat] Heartbeat from 'BidderMicroservice:58'.
[29-04-2026 10:59:56] [HeartBeat] Heartbeat from 'BidderMicroservice:8'.
[29-04-2026 10:59:56] [HeartBeat] Heartbeat from 'BidderMicroservice:59'.
[29-04-2026 10:59:56] [HeartBeat] Heartbeat from 'BidderMicroservice:9'.
[29-04-2026 10:59:56] [HeartBeat] Heartbeat from 'BidderMicroservice:60'.
[29-04-2026 10:59:56] [HeartBeat] Heartbeat from 'BidderMicroservice:10'.
[29-04-2026 10:59:56] [HeartBeat] Heartbeat from 'BidderMicroservice:61'.
[29-04-2026 10:59:56] [HeartBeat] Heartbeat from 'BidderMicroservice:11'.
[29-04-2026 10:59:56] [HeartBeat] Heartbeat from 'BidderMicroservice:62'.
[29-04-2026 10:59:56] [HeartBeat] Heartbeat from 'BidderMicroservice:12'.
[29-04-2026 10:59:56] [HeartBeat] Heartbeat from 'BidderMicroservice:63'.
[29-04-2026 10:59:56] [HeartBeat] Heartbeat from 'BidderMicroservice:13'.
[29-04-2026 10:59:56] [HeartBeat] Heartbeat from 'BidderMicroservice:64'.
[29-04-2026 10:59:56] [HeartBeat] Heartbeat from 'BidderMicroservice:14'.
[29-04-2026 10:59:56] [HeartBeat] Heartbeat from 'BidderMicroservice:65'.
[29-04-2026 10:59:56] [HeartBeat] Heartbeat from 'BidderMicroservice:15'.
[29-04-2026 10:59:56] [HeartBeat] Heartbeat from 'BidderMicroservice:66'.
[29-04-2026 10:59:56] [HeartBeat] Heartbeat from 'BidderMicroservice:67'.
[29-04-2026 10:59:56] [HeartBeat] Heartbeat from 'BidderMicroservice:16'.
[29-04-2026 10:59:57] [HeartBeat] Heartbeat from 'BidderMicroservice:68'.
[29-04-2026 10:59:57] [HeartBeat] Heartbeat from 'BidderMicroservice:17'.
[29-04-2026 10:59:57] [HeartBeat] Heartbeat from 'BidderMicroservice:69'.
[29-04-2026 10:59:57] [HeartBeat] Heartbeat from 'BidderMicroservice:18'.
[29-04-2026 10:59:57] [HeartBeat] Heartbeat from 'BidderMicroservice:19'.
[29-04-2026 10:59:57] [HeartBeat] Heartbeat from 'BidderMicroservice:70'.
[29-04-2026 10:59:57] [HeartBeat] Heartbeat from 'BidderMicroservice:20'.
[29-04-2026 10:59:57] [HeartBeat] Heartbeat from 'BidderMicroservice:71'.
[29-04-2026 10:59:57] [HeartBeat] Heartbeat from 'BidderMicroservice:21'.
[29-04-2026 10:59:57] [HeartBeat] Heartbeat from 'BidderMicroservice:72'.
[29-04-2026 10:59:57] [HeartBeat] Heartbeat from 'BidderMicroservice:22'.
[29-04-2026 10:59:57] [HeartBeat] Heartbeat from 'BidderMicroservice:73'.
[29-04-2026 10:59:57] [HeartBeat] Heartbeat from 'BidderMicroservice:23'.
[29-04-2026 10:59:57] [HeartBeat] Heartbeat from 'BidderMicroservice:74'.
[29-04-2026 10:59:57] [HeartBeat] Heartbeat from 'BidderMicroservice:24'.
[29-04-2026 10:59:57] [HeartBeat] Heartbeat from 'MessageProcessorMicroservice'.
[29-04-2026 10:59:57] [HeartBeat] Heartbeat from 'BidderMicroservice:75'.
[29-04-2026 10:59:57] [HeartBeat] Heartbeat from 'BidderMicroservice:25'.
[29-04-2026 10:59:57] [HeartBeat] Heartbeat from 'BidderMicroservice:26'.
[29-04-2026 10:59:57] [HeartBeat] Heartbeat from 'BidderMicroservice:76'.
[29-04-2026 10:59:57] [HeartBeat] Heartbeat from 'BidderMicroservice:77'.
[29-04-2026 10:59:57] [HeartBeat] Heartbeat from 'BidderMicroservice:78'.
[29-04-2026 10:59:57] [HeartBeat] Heartbeat from 'BidderMicroservice:27'.
[29-04-2026 10:59:57] [HeartBeat] Heartbeat from 'BidderMicroservice:28'.
[29-04-2026 10:59:57] [HeartBeat] Heartbeat from 'BidderMicroservice:79'.
[29-04-2026 10:59:57] [HeartBeat] Heartbeat from 'BidderMicroservice:29'.
[29-04-2026 10:59:57] [HeartBeat] Heartbeat from 'BidderMicroservice:80'.
[29-04-2026 10:59:57] [HeartBeat] Heartbeat from 'BidderMicroservice:30'.
[29-04-2026 10:59:57] [HeartBeat] Heartbeat from 'BidderMicroservice:81'.
[29-04-2026 10:59:57] [HeartBeat] Heartbeat from 'BidderMicroservice:31'.
[29-04-2026 10:59:57] [HeartBeat] Heartbeat from 'BidderMicroservice:82'.
[29-04-2026 10:59:57] [HeartBeat] Heartbeat from 'BidderMicroservice:32'.
[29-04-2026 10:59:57] [HeartBeat] Heartbeat from 'BidderMicroservice:83'.
[29-04-2026 10:59:57] [HeartBeat] Heartbeat from 'BidderMicroservice:33'.
[29-04-2026 10:59:57] [HeartBeat] Heartbeat from 'BidderMicroservice:84'.
[29-04-2026 10:59:57] [HeartBeat] Heartbeat from 'BiddingProcessorMicroservice'.
[29-04-2026 10:59:58] [HeartBeat] Heartbeat from 'BidderMicroservice:34'.
[29-04-2026 10:59:58] [HeartBeat] Heartbeat from 'BidderMicroservice:85'.
[29-04-2026 10:59:58] [HeartBeat] Heartbeat from 'BidderMicroservice:35'.
[29-04-2026 10:59:58] [HeartBeat] Heartbeat from 'BidderMicroservice:86'.
[29-04-2026 10:59:58] [HeartBeat] Heartbeat from 'BidderMicroservice:36'.
[29-04-2026 10:59:58] [HeartBeat] Heartbeat from 'BidderMicroservice:87'.
[29-04-2026 10:59:58] [HeartBeat] Heartbeat from 'BidderMicroservice:37'.
[29-04-2026 10:59:58] [HeartBeat] Heartbeat from 'BidderMicroservice:88'.
[29-04-2026 10:59:58] [HeartBeat] Heartbeat from 'BidderMicroservice:38'.
[29-04-2026 10:59:58] [HeartBeat] Heartbeat from 'BidderMicroservice:89'.
[29-04-2026 10:59:58] [HeartBeat] Heartbeat from 'BidderMicroservice:90'.
[29-04-2026 10:59:58] [HeartBeat] Heartbeat from 'BidderMicroservice:39'.
[29-04-2026 10:59:58] [HeartBeat] Heartbeat from 'BidderMicroservice:40'.
[29-04-2026 10:59:58] [HeartBeat] Heartbeat from 'BidderMicroservice:91'.
[29-04-2026 10:59:58] [HeartBeat] Heartbeat from 'BidderMicroservice:41'.
[29-04-2026 10:59:58] [HeartBeat] Heartbeat from 'BidderMicroservice:92'.
[29-04-2026 10:59:58] [HeartBeat] Heartbeat from 'BidderMicroservice:42'.
[29-04-2026 10:59:58] [HeartBeat] Heartbeat from 'BidderMicroservice:93'.
[29-04-2026 10:59:58] [HeartBeat] Heartbeat from 'AuctioneerMicroservice'.
[29-04-2026 10:59:58] [HeartBeat] Heartbeat from 'BidderMicroservice:43'.
[29-04-2026 10:59:58] [HeartBeat] Heartbeat from 'BidderMicroservice:94'.
[29-04-2026 10:59:58] [HeartBeat] Heartbeat from 'BidderMicroservice:44'.
[29-04-2026 10:59:58] [HeartBeat] Heartbeat from 'BidderMicroservice:95'.
[29-04-2026 10:59:58] [HeartBeat] Heartbeat from 'BidderMicroservice:45'.
[29-04-2026 10:59:58] [HeartBeat] Heartbeat from 'BidderMicroservice:96'.
[29-04-2026 10:59:58] [HeartBeat] Heartbeat from 'BidderMicroservice:46'.
[29-04-2026 10:59:58] [HeartBeat] Heartbeat from 'BidderMicroservice:97'.
[29-04-2026 10:59:58] [HeartBeat] Heartbeat from 'BidderMicroservice:47'.
[29-04-2026 10:59:58] [HeartBeat] Heartbeat from 'BidderMicroservice:98'.
[29-04-2026 10:59:58] [HeartBeat] Heartbeat from 'BidderMicroservice:48'.
[29-04-2026 10:59:58] [HeartBeat] Heartbeat from 'BidderMicroservice:99'.
[29-04-2026 10:59:58] [HeartBeat] Heartbeat from 'BidderMicroservice:49'.
[29-04-2026 10:59:58] [HeartBeat] Heartbeat from 'BidderMicroservice:100'.
[29-04-2026 10:59:58] [HeartBeat] Heartbeat from 'BidderMicroservice:50'.
[29-04-2026 10:59:59] [HeartBeat] Heartbeat from 'BidderMicroservice:51'.
[29-04-2026 10:59:59] [HeartBeat] Heartbeat from 'BidderMicroservice:52'.
[29-04-2026 10:59:59] [HeartBeat] Heartbeat from 'BidderMicroservice:1'.
[29-04-2026 10:59:59] [HeartBeat] Heartbeat from 'BidderMicroservice:53'.
[29-04-2026 10:59:59] [HeartBeat] Heartbeat from 'BidderMicroservice:2'.
[29-04-2026 10:59:59] [HeartBeat] Heartbeat from 'BidderMicroservice:54'.
[29-04-2026 10:59:59] [HeartBeat] Heartbeat from 'BidderMicroservice:3'.
[29-04-2026 10:59:59] [HeartBeat] Heartbeat from 'BidderMicroservice:55'.
[29-04-2026 10:59:59] [HeartBeat] Heartbeat from 'BidderMicroservice:4'.
[29-04-2026 10:59:59] [HeartBeat] Heartbeat from 'BidderMicroservice:5'.
[29-04-2026 10:59:59] [HeartBeat] Heartbeat from 'BidderMicroservice:6'.
[29-04-2026 10:59:59] [HeartBeat] Heartbeat from 'BidderMicroservice:56'.
[29-04-2026 10:59:59] [HeartBeat] Heartbeat from 'BidderMicroservice:57'.
[29-04-2026 10:59:59] [HeartBeat] Heartbeat from 'BidderMicroservice:7'.
[29-04-2026 10:59:59] [HeartBeat] Heartbeat from 'BidderMicroservice:58'.
[29-04-2026 10:59:59] [HeartBeat] Heartbeat from 'BidderMicroservice:8'.
[29-04-2026 10:59:59] [HeartBeat] Heartbeat from 'BidderMicroservice:59'.
[29-04-2026 10:59:59] [HeartBeat] Heartbeat from 'BidderMicroservice:9'.
[29-04-2026 10:59:59] [HeartBeat] Heartbeat from 'BidderMicroservice:60'.
[29-04-2026 10:59:59] [HeartBeat] Heartbeat from 'BidderMicroservice:10'.
[29-04-2026 10:59:59] [HeartBeat] Heartbeat from 'BidderMicroservice:61'.
[29-04-2026 10:59:59] [HeartBeat] Heartbeat from 'BidderMicroservice:11'.
[29-04-2026 10:59:59] [HeartBeat] Heartbeat from 'BidderMicroservice:62'.
[29-04-2026 10:59:59] [HeartBeat] Heartbeat from 'BidderMicroservice:12'.
[29-04-2026 10:59:59] [HeartBeat] Heartbeat from 'BidderMicroservice:63'.
[29-04-2026 10:59:59] [HeartBeat] Heartbeat from 'BidderMicroservice:13'.
[29-04-2026 10:59:59] [HeartBeat] Heartbeat from 'BidderMicroservice:64'.
[29-04-2026 10:59:59] [HeartBeat] Heartbeat from 'BidderMicroservice:14'.
[29-04-2026 10:59:59] [HeartBeat] Heartbeat from 'BidderMicroservice:65'.
[29-04-2026 10:59:59] [HeartBeat] Heartbeat from 'BidderMicroservice:15'.
[29-04-2026 10:59:59] [HeartBeat] Heartbeat from 'BidderMicroservice:66'.
[29-04-2026 10:59:59] [HeartBeat] Heartbeat from 'BidderMicroservice:67'.
[29-04-2026 10:59:59] [HeartBeat] Heartbeat from 'BidderMicroservice:16'.
[29-04-2026 11:00:00] [HeartBeat] Heartbeat from 'BidderMicroservice:68'.
[29-04-2026 11:00:00] [HeartBeat] Heartbeat from 'BidderMicroservice:17'.
[29-04-2026 11:00:00] [HeartBeat] Heartbeat from 'BidderMicroservice:69'.
[29-04-2026 11:00:00] [HeartBeat] Heartbeat from 'BidderMicroservice:18'.
[29-04-2026 11:00:00] [HeartBeat] Heartbeat from 'BidderMicroservice:19'.
[29-04-2026 11:00:00] [HeartBeat] Heartbeat from 'BidderMicroservice:70'.
[29-04-2026 11:00:00] [HeartBeat] Heartbeat from 'BidderMicroservice:20'.
[29-04-2026 11:00:00] [HeartBeat] Heartbeat from 'BidderMicroservice:71'.
[29-04-2026 11:00:00] [HeartBeat] Heartbeat from 'BidderMicroservice:21'.
[29-04-2026 11:00:00] [HeartBeat] Heartbeat from 'BidderMicroservice:72'.
[29-04-2026 11:00:00] [HeartBeat] Heartbeat from 'BidderMicroservice:22'.
[29-04-2026 11:00:00] [HeartBeat] Heartbeat from 'BidderMicroservice:73'.
[29-04-2026 11:00:00] [HeartBeat] Heartbeat from 'BidderMicroservice:23'.
[29-04-2026 11:00:00] [HeartBeat] Heartbeat from 'BidderMicroservice:74'.
[29-04-2026 11:00:00] [HeartBeat] Heartbeat from 'BidderMicroservice:24'.
[29-04-2026 11:00:00] [HeartBeat] Heartbeat from 'MessageProcessorMicroservice'.
[29-04-2026 11:00:00] [HeartBeat] Heartbeat from 'BidderMicroservice:75'.
[29-04-2026 11:00:00] [HeartBeat] Heartbeat from 'BidderMicroservice:25'.
[29-04-2026 11:00:00] [HeartBeat] Heartbeat from 'BidderMicroservice:76'.
[29-04-2026 11:00:00] [HeartBeat] Heartbeat from 'BidderMicroservice:26'.
[29-04-2026 11:00:00] [HeartBeat] Heartbeat from 'BidderMicroservice:77'.
[29-04-2026 11:00:00] [HeartBeat] Heartbeat from 'BidderMicroservice:78'.
[29-04-2026 11:00:00] [HeartBeat] Heartbeat from 'BidderMicroservice:27'.
[29-04-2026 11:00:00] [HeartBeat] Heartbeat from 'BidderMicroservice:79'.
[29-04-2026 11:00:00] [HeartBeat] Heartbeat from 'BidderMicroservice:28'.
[29-04-2026 11:00:00] [HeartBeat] Heartbeat from 'BidderMicroservice:29'.
[29-04-2026 11:00:00] [HeartBeat] Heartbeat from 'BidderMicroservice:80'.
[29-04-2026 11:00:00] [HeartBeat] Heartbeat from 'BidderMicroservice:30'.
[29-04-2026 11:00:00] [HeartBeat] Heartbeat from 'BidderMicroservice:81'.
[29-04-2026 11:00:00] [HeartBeat] Heartbeat from 'BidderMicroservice:31'.
[29-04-2026 11:00:00] [HeartBeat] Heartbeat from 'BidderMicroservice:82'.
[29-04-2026 11:00:00] [HeartBeat] Heartbeat from 'BidderMicroservice:32'.
[29-04-2026 11:00:00] [HeartBeat] Heartbeat from 'BidderMicroservice:83'.
[29-04-2026 11:00:00] [HeartBeat] Heartbeat from 'BidderMicroservice:33'.
[29-04-2026 11:00:00] [HeartBeat] Heartbeat from 'BidderMicroservice:84'.
[29-04-2026 11:00:00] [HeartBeat] Heartbeat from 'BiddingProcessorMicroservice'.
[29-04-2026 11:00:01] [HeartBeat] Heartbeat from 'BidderMicroservice:34'.
[29-04-2026 11:00:01] [HeartBeat] Heartbeat from 'BidderMicroservice:85'.
[29-04-2026 11:00:01] [HeartBeat] Heartbeat from 'BidderMicroservice:35'.
[29-04-2026 11:00:01] [HeartBeat] Heartbeat from 'BidderMicroservice:86'.
[29-04-2026 11:00:01] [HeartBeat] Heartbeat from 'BidderMicroservice:36'.
[29-04-2026 11:00:01] [HeartBeat] Heartbeat from 'BidderMicroservice:87'.
[29-04-2026 11:00:01] [HeartBeat] Heartbeat from 'BidderMicroservice:37'.
[29-04-2026 11:00:01] [HeartBeat] Heartbeat from 'BidderMicroservice:88'.
[29-04-2026 11:00:01] [HeartBeat] Heartbeat from 'BidderMicroservice:38'.
[29-04-2026 11:00:01] [HeartBeat] Heartbeat from 'BidderMicroservice:89'.
[29-04-2026 11:00:01] [HeartBeat] Heartbeat from 'BidderMicroservice:90'.
[29-04-2026 11:00:01] [HeartBeat] Heartbeat from 'BidderMicroservice:39'.
[29-04-2026 11:00:01] [HeartBeat] Heartbeat from 'BidderMicroservice:40'.
[29-04-2026 11:00:01] [HeartBeat] Heartbeat from 'BidderMicroservice:91'.
[29-04-2026 11:00:01] [HeartBeat] Heartbeat from 'BidderMicroservice:41'.
[29-04-2026 11:00:01] [HeartBeat] Heartbeat from 'BidderMicroservice:92'.
[29-04-2026 11:00:01] [HeartBeat] Heartbeat from 'BidderMicroservice:42'.
[29-04-2026 11:00:01] [HeartBeat] Heartbeat from 'BidderMicroservice:93'.
[29-04-2026 11:00:01] [HeartBeat] Heartbeat from 'AuctioneerMicroservice'.
[29-04-2026 11:00:01] [HeartBeat] Heartbeat from 'BidderMicroservice:43'.
[29-04-2026 11:00:01] [HeartBeat] Heartbeat from 'BidderMicroservice:94'.
[29-04-2026 11:00:01] [HeartBeat] Heartbeat from 'BidderMicroservice:44'.
[29-04-2026 11:00:01] [HeartBeat] Heartbeat from 'BidderMicroservice:95'.
[29-04-2026 11:00:01] [HeartBeat] Heartbeat from 'BidderMicroservice:45'.
[29-04-2026 11:00:01] [HeartBeat] Heartbeat from 'BidderMicroservice:96'.
[29-04-2026 11:00:01] [HeartBeat] Heartbeat from 'BidderMicroservice:46'.
[29-04-2026 11:00:01] [HeartBeat] Heartbeat from 'BidderMicroservice:97'.
[29-04-2026 11:00:01] [HeartBeat] Heartbeat from 'BidderMicroservice:47'.
[29-04-2026 11:00:01] [HeartBeat] Heartbeat from 'BidderMicroservice:98'.
[29-04-2026 11:00:01] [HeartBeat] Heartbeat from 'BidderMicroservice:48'.
[29-04-2026 11:00:01] [HeartBeat] Heartbeat from 'BidderMicroservice:99'.
[29-04-2026 11:00:01] [HeartBeat] Heartbeat from 'BidderMicroservice:49'.
[29-04-2026 11:00:01] [HeartBeat] Heartbeat from 'BidderMicroservice:100'.
[29-04-2026 11:00:01] [HeartBeat] Heartbeat from 'BidderMicroservice:50'.
[29-04-2026 11:00:02] [HeartBeat] Heartbeat from 'BidderMicroservice:51'.
[29-04-2026 11:00:02] [HeartBeat] Heartbeat from 'BidderMicroservice:52'.
[29-04-2026 11:00:02] [HeartBeat] Heartbeat from 'BidderMicroservice:1'.
[29-04-2026 11:00:02] [HeartBeat] Heartbeat from 'BidderMicroservice:53'.
[29-04-2026 11:00:02] [HeartBeat] Heartbeat from 'BidderMicroservice:2'.
[29-04-2026 11:00:02] [HeartBeat] Heartbeat from 'BidderMicroservice:54'.
[29-04-2026 11:00:02] [HeartBeat] Heartbeat from 'BidderMicroservice:3'.
[29-04-2026 11:00:02] [HeartBeat] Heartbeat from 'BidderMicroservice:55'.
[29-04-2026 11:00:02] [HeartBeat] Heartbeat from 'BidderMicroservice:4'.
[29-04-2026 11:00:02] [HeartBeat] Heartbeat from 'BidderMicroservice:5'.
[29-04-2026 11:00:02] [HeartBeat] Heartbeat from 'BidderMicroservice:6'.
[29-04-2026 11:00:02] [HeartBeat] Heartbeat from 'BidderMicroservice:56'.
[29-04-2026 11:00:02] [HeartBeat] Heartbeat from 'BidderMicroservice:57'.
[29-04-2026 11:00:02] [HeartBeat] Heartbeat from 'BidderMicroservice:7'.
[29-04-2026 11:00:02] [HeartBeat] Heartbeat from 'BidderMicroservice:58'.
[29-04-2026 11:00:02] [HeartBeat] Heartbeat from 'BidderMicroservice:8'.
[29-04-2026 11:00:02] [HeartBeat] Heartbeat from 'BidderMicroservice:59'.
[29-04-2026 11:00:02] [HeartBeat] Heartbeat from 'BidderMicroservice:9'.
[29-04-2026 11:00:02] [HeartBeat] Heartbeat from 'BidderMicroservice:60'.
[29-04-2026 11:00:02] [HeartBeat] Heartbeat from 'BidderMicroservice:10'.
[29-04-2026 11:00:02] [HeartBeat] Heartbeat from 'BidderMicroservice:61'.
[29-04-2026 11:00:02] [HeartBeat] Heartbeat from 'BidderMicroservice:11'.
[29-04-2026 11:00:02] [HeartBeat] Heartbeat from 'BidderMicroservice:62'.
[29-04-2026 11:00:02] [HeartBeat] Heartbeat from 'BidderMicroservice:12'.
[29-04-2026 11:00:02] [HeartBeat] Heartbeat from 'BidderMicroservice:63'.
[29-04-2026 11:00:02] [HeartBeat] Heartbeat from 'BidderMicroservice:13'.
[29-04-2026 11:00:02] [HeartBeat] Heartbeat from 'BidderMicroservice:64'.
[29-04-2026 11:00:02] [HeartBeat] Heartbeat from 'BidderMicroservice:14'.
[29-04-2026 11:00:02] [HeartBeat] Heartbeat from 'BidderMicroservice:65'.
[29-04-2026 11:00:02] [HeartBeat] Heartbeat from 'BidderMicroservice:15'.
[29-04-2026 11:00:02] [HeartBeat] Heartbeat from 'BidderMicroservice:66'.
[29-04-2026 11:00:02] [HeartBeat] Heartbeat from 'BidderMicroservice:67'.
[29-04-2026 11:00:02] [HeartBeat] Heartbeat from 'BidderMicroservice:16'.
[29-04-2026 11:00:03] [HeartBeat] Heartbeat from 'BidderMicroservice:68'.
[29-04-2026 11:00:03] [HeartBeat] Heartbeat from 'BidderMicroservice:17'.
[29-04-2026 11:00:03] [HeartBeat] Heartbeat from 'BidderMicroservice:69'.
[29-04-2026 11:00:03] [HeartBeat] Heartbeat from 'BidderMicroservice:18'.
[29-04-2026 11:00:03] [HeartBeat] Heartbeat from 'BidderMicroservice:19'.
[29-04-2026 11:00:03] [HeartBeat] Heartbeat from 'BidderMicroservice:70'.
[29-04-2026 11:00:03] [HeartBeat] Heartbeat from 'BidderMicroservice:20'.
[29-04-2026 11:00:03] [HeartBeat] Heartbeat from 'BidderMicroservice:71'.
[29-04-2026 11:00:03] [HeartBeat] Heartbeat from 'BidderMicroservice:21'.
[29-04-2026 11:00:03] [HeartBeat] Heartbeat from 'BidderMicroservice:72'.
[29-04-2026 11:00:03] [HeartBeat] Heartbeat from 'BidderMicroservice:22'.
[29-04-2026 11:00:03] [HeartBeat] Heartbeat from 'BidderMicroservice:73'.
[29-04-2026 11:00:03] [HeartBeat] Heartbeat from 'BidderMicroservice:23'.
[29-04-2026 11:00:03] [HeartBeat] Heartbeat from 'BidderMicroservice:74'.
[29-04-2026 11:00:03] [HeartBeat] Heartbeat from 'BidderMicroservice:24'.
[29-04-2026 11:00:03] [HeartBeat] Heartbeat from 'MessageProcessorMicroservice'.
[29-04-2026 11:00:03] [HeartBeat] Heartbeat from 'BidderMicroservice:75'.
[29-04-2026 11:00:03] [HeartBeat] Heartbeat from 'BidderMicroservice:25'.
[29-04-2026 11:00:03] [HeartBeat] Heartbeat from 'BidderMicroservice:26'.
[29-04-2026 11:00:03] [HeartBeat] Heartbeat from 'BidderMicroservice:76'.
[29-04-2026 11:00:03] [HeartBeat] Heartbeat from 'BidderMicroservice:77'.
[29-04-2026 11:00:03] [HeartBeat] Heartbeat from 'BidderMicroservice:78'.
[29-04-2026 11:00:03] [HeartBeat] Heartbeat from 'BidderMicroservice:27'.
[29-04-2026 11:00:03] [HeartBeat] Heartbeat from 'BidderMicroservice:28'.
[29-04-2026 11:00:03] [HeartBeat] Heartbeat from 'BidderMicroservice:79'.
[29-04-2026 11:00:03] [HeartBeat] Heartbeat from 'BidderMicroservice:29'.
[29-04-2026 11:00:03] [HeartBeat] Heartbeat from 'BidderMicroservice:80'.
[29-04-2026 11:00:03] [HeartBeat] Heartbeat from 'BidderMicroservice:30'.
[29-04-2026 11:00:03] [HeartBeat] Heartbeat from 'BidderMicroservice:81'.
[29-04-2026 11:00:03] [HeartBeat] Heartbeat from 'BidderMicroservice:31'.
[29-04-2026 11:00:03] [HeartBeat] Heartbeat from 'BidderMicroservice:82'.
[29-04-2026 11:00:03] [HeartBeat] Heartbeat from 'BidderMicroservice:32'.
[29-04-2026 11:00:03] [HeartBeat] Heartbeat from 'BidderMicroservice:83'.
[29-04-2026 11:00:03] [HeartBeat] Heartbeat from 'BidderMicroservice:33'.
[29-04-2026 11:00:03] [HeartBeat] Heartbeat from 'BidderMicroservice:84'.
[29-04-2026 11:00:03] [HeartBeat] Heartbeat from 'BiddingProcessorMicroservice'.
[29-04-2026 11:00:04] [HeartBeat] Heartbeat from 'BidderMicroservice:34'.
[29-04-2026 11:00:04] [HeartBeat] Heartbeat from 'BidderMicroservice:85'.
[29-04-2026 11:00:04] [HeartBeat] Heartbeat from 'BidderMicroservice:35'.
[29-04-2026 11:00:04] [HeartBeat] Heartbeat from 'BidderMicroservice:86'.
[29-04-2026 11:00:04] [HeartBeat] Heartbeat from 'BidderMicroservice:36'.
[29-04-2026 11:00:04] [HeartBeat] Heartbeat from 'BidderMicroservice:87'.
[29-04-2026 11:00:04] [HeartBeat] Heartbeat from 'BidderMicroservice:37'.
[29-04-2026 11:00:04] [HeartBeat] Heartbeat from 'BidderMicroservice:88'.
[29-04-2026 11:00:04] [HeartBeat] Heartbeat from 'BidderMicroservice:89'.
[29-04-2026 11:00:04] [HeartBeat] Heartbeat from 'BidderMicroservice:38'.
[29-04-2026 11:00:04] [HeartBeat] Heartbeat from 'BidderMicroservice:39'.
[29-04-2026 11:00:04] [HeartBeat] Heartbeat from 'BidderMicroservice:90'.
[29-04-2026 11:00:04] [HeartBeat] Heartbeat from 'BidderMicroservice:40'.
[29-04-2026 11:00:04] [HeartBeat] Heartbeat from 'BidderMicroservice:91'.
[29-04-2026 11:00:04] [HeartBeat] Heartbeat from 'BidderMicroservice:41'.
[29-04-2026 11:00:04] [HeartBeat] Heartbeat from 'BidderMicroservice:92'.
[29-04-2026 11:00:04] [HeartBeat] Heartbeat from 'BidderMicroservice:42'.
[29-04-2026 11:00:04] [HeartBeat] Heartbeat from 'BidderMicroservice:93'.
[29-04-2026 11:00:04] [HeartBeat] Heartbeat from 'AuctioneerMicroservice'.
[29-04-2026 11:00:04] [HeartBeat] Heartbeat from 'BidderMicroservice:43'.
[29-04-2026 11:00:04] [HeartBeat] Heartbeat from 'BidderMicroservice:94'.
[29-04-2026 11:00:04] [HeartBeat] Heartbeat from 'BidderMicroservice:44'.
[29-04-2026 11:00:04] [HeartBeat] Heartbeat from 'BidderMicroservice:95'.
[29-04-2026 11:00:04] [HeartBeat] Heartbeat from 'BidderMicroservice:45'.
[29-04-2026 11:00:04] [HeartBeat] Heartbeat from 'BidderMicroservice:96'.
[29-04-2026 11:00:04] [HeartBeat] Heartbeat from 'BidderMicroservice:46'.
[29-04-2026 11:00:04] [HeartBeat] Heartbeat from 'BidderMicroservice:97'.
[29-04-2026 11:00:04] [HeartBeat] Heartbeat from 'BidderMicroservice:47'.
[29-04-2026 11:00:04] [HeartBeat] Heartbeat from 'BidderMicroservice:98'.
[29-04-2026 11:00:04] [HeartBeat] Heartbeat from 'BidderMicroservice:48'.
[29-04-2026 11:00:04] [HeartBeat] Heartbeat from 'BidderMicroservice:99'.
[29-04-2026 11:00:04] [HeartBeat] Heartbeat from 'BidderMicroservice:49'.
[29-04-2026 11:00:04] [HeartBeat] Heartbeat from 'BidderMicroservice:100'.
[29-04-2026 11:00:04] [HeartBeat] Heartbeat from 'BidderMicroservice:50'.
[29-04-2026 11:00:05] [HeartBeat] Heartbeat from 'BidderMicroservice:51'.
[29-04-2026 11:00:05] [HeartBeat] Heartbeat from 'BidderMicroservice:52'.
[29-04-2026 11:00:05] [HeartBeat] Heartbeat from 'BidderMicroservice:1'.
[29-04-2026 11:00:05] [HeartBeat] Heartbeat from 'BidderMicroservice:53'.
[29-04-2026 11:00:05] [HeartBeat] Heartbeat from 'BidderMicroservice:2'.
[29-04-2026 11:00:05] [HeartBeat] Heartbeat from 'BidderMicroservice:54'.
[29-04-2026 11:00:05] [HeartBeat] Heartbeat from 'BidderMicroservice:3'.
[29-04-2026 11:00:05] [HeartBeat] Heartbeat from 'BidderMicroservice:4'.
[29-04-2026 11:00:05] [HeartBeat] Heartbeat from 'BidderMicroservice:55'.
[29-04-2026 11:00:05] [HeartBeat] Heartbeat from 'BidderMicroservice:5'.
[29-04-2026 11:00:05] [HeartBeat] Heartbeat from 'BidderMicroservice:6'.
[29-04-2026 11:00:05] [HeartBeat] Heartbeat from 'BidderMicroservice:56'.
[29-04-2026 11:00:05] [HeartBeat] Heartbeat from 'BidderMicroservice:57'.
[29-04-2026 11:00:05] [HeartBeat] Heartbeat from 'BidderMicroservice:7'.
[29-04-2026 11:00:05] [HeartBeat] Heartbeat from 'BidderMicroservice:58'.
[29-04-2026 11:00:05] [HeartBeat] Heartbeat from 'BidderMicroservice:8'.
[29-04-2026 11:00:05] [HeartBeat] Heartbeat from 'BidderMicroservice:59'.
[29-04-2026 11:00:05] [HeartBeat] Heartbeat from 'BidderMicroservice:9'.
[29-04-2026 11:00:05] [HeartBeat] Heartbeat from 'BidderMicroservice:60'.
[29-04-2026 11:00:05] [HeartBeat] Heartbeat from 'BidderMicroservice:10'.
[29-04-2026 11:00:05] [HeartBeat] Heartbeat from 'BidderMicroservice:61'.
[29-04-2026 11:00:05] [HeartBeat] Heartbeat from 'BidderMicroservice:11'.
[29-04-2026 11:00:05] [HeartBeat] Heartbeat from 'BidderMicroservice:62'.
[29-04-2026 11:00:05] [HeartBeat] Heartbeat from 'BidderMicroservice:12'.
[29-04-2026 11:00:05] [HeartBeat] Heartbeat from 'BidderMicroservice:63'.
[29-04-2026 11:00:05] [HeartBeat] Heartbeat from 'BidderMicroservice:13'.
[29-04-2026 11:00:05] [HeartBeat] Heartbeat from 'BidderMicroservice:64'.
[29-04-2026 11:00:05] [HeartBeat] Heartbeat from 'BidderMicroservice:14'.
[29-04-2026 11:00:05] [HeartBeat] Heartbeat from 'BidderMicroservice:65'.
[29-04-2026 11:00:05] [HeartBeat] Heartbeat from 'BidderMicroservice:15'.
[29-04-2026 11:00:05] [HeartBeat] Heartbeat from 'BidderMicroservice:66'.
[29-04-2026 11:00:05] [HeartBeat] Heartbeat from 'BidderMicroservice:67'.
[29-04-2026 11:00:05] [HeartBeat] Heartbeat from 'BidderMicroservice:16'.
[29-04-2026 11:00:06] [HeartBeat] Heartbeat from 'BidderMicroservice:68'.
[29-04-2026 11:00:06] [HeartBeat] Heartbeat from 'BidderMicroservice:17'.
[29-04-2026 11:00:06] [HeartBeat] Heartbeat from 'BidderMicroservice:69'.
[29-04-2026 11:00:06] [HeartBeat] Heartbeat from 'BidderMicroservice:18'.
[29-04-2026 11:00:06] [HeartBeat] Heartbeat from 'BidderMicroservice:19'.
[29-04-2026 11:00:06] [HeartBeat] Heartbeat from 'BidderMicroservice:70'.
[29-04-2026 11:00:06] [HeartBeat] Heartbeat from 'BidderMicroservice:20'.
[29-04-2026 11:00:06] [HeartBeat] Heartbeat from 'BidderMicroservice:71'.
[29-04-2026 11:00:06] [HeartBeat] Heartbeat from 'BidderMicroservice:21'.
[29-04-2026 11:00:06] [HeartBeat] Heartbeat from 'BidderMicroservice:72'.
[29-04-2026 11:00:06] [HeartBeat] Heartbeat from 'BidderMicroservice:22'.
[29-04-2026 11:00:06] [HeartBeat] Heartbeat from 'BidderMicroservice:73'.
[29-04-2026 11:00:06] [HeartBeat] Heartbeat from 'BidderMicroservice:23'.
[29-04-2026 11:00:06] [HeartBeat] Heartbeat from 'BidderMicroservice:74'.
[29-04-2026 11:00:06] [HeartBeat] Heartbeat from 'BidderMicroservice:24'.
[29-04-2026 11:00:06] [HeartBeat] Heartbeat from 'MessageProcessorMicroservice'.
[29-04-2026 11:00:06] [HeartBeat] Heartbeat from 'BidderMicroservice:75'.
[29-04-2026 11:00:06] [HeartBeat] Heartbeat from 'BidderMicroservice:25'.
[29-04-2026 11:00:06] [HeartBeat] Heartbeat from 'BidderMicroservice:26'.
[29-04-2026 11:00:06] [HeartBeat] Heartbeat from 'BidderMicroservice:76'.
[29-04-2026 11:00:06] [HeartBeat] Heartbeat from 'BidderMicroservice:77'.
[29-04-2026 11:00:06] [HeartBeat] Heartbeat from 'BidderMicroservice:78'.
[29-04-2026 11:00:06] [HeartBeat] Heartbeat from 'BidderMicroservice:27'.
[29-04-2026 11:00:06] [HeartBeat] Heartbeat from 'BidderMicroservice:28'.
[29-04-2026 11:00:06] [HeartBeat] Heartbeat from 'BidderMicroservice:79'.
[29-04-2026 11:00:06] [HeartBeat] Heartbeat from 'BidderMicroservice:29'.
[29-04-2026 11:00:06] [HeartBeat] Heartbeat from 'BidderMicroservice:80'.
[29-04-2026 11:00:06] [HeartBeat] Heartbeat from 'BidderMicroservice:30'.
[29-04-2026 11:00:06] [HeartBeat] Heartbeat from 'BidderMicroservice:81'.
[29-04-2026 11:00:06] [HeartBeat] Heartbeat from 'BidderMicroservice:31'.
[29-04-2026 11:00:06] [HeartBeat] Heartbeat from 'BidderMicroservice:82'.
[29-04-2026 11:00:06] [HeartBeat] Heartbeat from 'BidderMicroservice:32'.
[29-04-2026 11:00:06] [HeartBeat] Heartbeat from 'BidderMicroservice:83'.
[29-04-2026 11:00:06] [HeartBeat] Heartbeat from 'BidderMicroservice:33'.
[29-04-2026 11:00:06] [HeartBeat] Heartbeat from 'BidderMicroservice:84'.
[29-04-2026 11:00:06] [HeartBeat] Heartbeat from 'BiddingProcessorMicroservice'.
[29-04-2026 11:00:07] [HeartBeat] Heartbeat from 'BidderMicroservice:34'.
[29-04-2026 11:00:07] [HeartBeat] Heartbeat from 'BidderMicroservice:85'.
[29-04-2026 11:00:07] [HeartBeat] Heartbeat from 'BidderMicroservice:35'.
[29-04-2026 11:00:07] [HeartBeat] Heartbeat from 'BidderMicroservice:86'.
[29-04-2026 11:00:07] [HeartBeat] Heartbeat from 'BidderMicroservice:36'.
[29-04-2026 11:00:07] [HeartBeat] Heartbeat from 'BidderMicroservice:87'.
[29-04-2026 11:00:07] [HeartBeat] Heartbeat from 'BidderMicroservice:37'.
[29-04-2026 11:00:07] [HeartBeat] Heartbeat from 'BidderMicroservice:88'.
[29-04-2026 11:00:07] [HeartBeat] Heartbeat from 'BidderMicroservice:89'.
[29-04-2026 11:00:07] [HeartBeat] Heartbeat from 'BidderMicroservice:38'.
[29-04-2026 11:00:07] [HeartBeat] Heartbeat from 'BidderMicroservice:90'.
[29-04-2026 11:00:07] [HeartBeat] Heartbeat from 'BidderMicroservice:39'.
[29-04-2026 11:00:07] [HeartBeat] Heartbeat from 'BidderMicroservice:40'.
[29-04-2026 11:00:07] [HeartBeat] Heartbeat from 'BidderMicroservice:91'.
[29-04-2026 11:00:07] [HeartBeat] Heartbeat from 'BidderMicroservice:41'.
[29-04-2026 11:00:07] [HeartBeat] Heartbeat from 'BidderMicroservice:92'.
[29-04-2026 11:00:07] [HeartBeat] Heartbeat from 'BidderMicroservice:42'.
[29-04-2026 11:00:07] [HeartBeat] Heartbeat from 'BidderMicroservice:93'.
[29-04-2026 11:00:07] [HeartBeat] Heartbeat from 'AuctioneerMicroservice'.
[29-04-2026 11:00:07] [HeartBeat] Heartbeat from 'BidderMicroservice:43'.
[29-04-2026 11:00:07] [HeartBeat] Heartbeat from 'BidderMicroservice:94'.
[29-04-2026 11:00:07] [HeartBeat] Heartbeat from 'BidderMicroservice:44'.
[29-04-2026 11:00:07] [HeartBeat] Heartbeat from 'BidderMicroservice:95'.
[29-04-2026 11:00:07] [HeartBeat] Heartbeat from 'BidderMicroservice:45'.
[29-04-2026 11:00:07] [HeartBeat] Heartbeat from 'BidderMicroservice:96'.
[29-04-2026 11:00:07] [HeartBeat] Heartbeat from 'BidderMicroservice:46'.
[29-04-2026 11:00:07] [HeartBeat] Heartbeat from 'BidderMicroservice:97'.
[29-04-2026 11:00:07] [HeartBeat] Heartbeat from 'BidderMicroservice:47'.
[29-04-2026 11:00:07] [HeartBeat] Heartbeat from 'BidderMicroservice:98'.
[29-04-2026 11:00:07] [HeartBeat] Heartbeat from 'BidderMicroservice:48'.
[29-04-2026 11:00:07] [HeartBeat] Heartbeat from 'BidderMicroservice:99'.
[29-04-2026 11:00:07] [HeartBeat] Heartbeat from 'BidderMicroservice:49'.
[29-04-2026 11:00:07] [HeartBeat] Heartbeat from 'BidderMicroservice:100'.
[29-04-2026 11:00:07] [HeartBeat] Heartbeat from 'BidderMicroservice:50'.
[29-04-2026 11:00:08] [HeartBeat] Heartbeat from 'BidderMicroservice:51'.
[29-04-2026 11:00:08] [HeartBeat] Heartbeat from 'BidderMicroservice:52'.
[29-04-2026 11:00:08] [HeartBeat] Heartbeat from 'BidderMicroservice:1'.
[29-04-2026 11:00:08] [HeartBeat] Heartbeat from 'BidderMicroservice:53'.
[29-04-2026 11:00:08] [HeartBeat] Heartbeat from 'BidderMicroservice:2'.
[29-04-2026 11:00:08] [HeartBeat] Heartbeat from 'BidderMicroservice:54'.
[29-04-2026 11:00:08] [HeartBeat] Heartbeat from 'BidderMicroservice:3'.
[29-04-2026 11:00:08] [HeartBeat] Heartbeat from 'BidderMicroservice:55'.
[29-04-2026 11:00:08] [HeartBeat] Heartbeat from 'BidderMicroservice:4'.
[29-04-2026 11:00:08] [HeartBeat] Heartbeat from 'BidderMicroservice:5'.
[29-04-2026 11:00:08] [HeartBeat] Heartbeat from 'BidderMicroservice:56'.
[29-04-2026 11:00:08] [HeartBeat] Heartbeat from 'BidderMicroservice:6'.
[29-04-2026 11:00:08] [HeartBeat] Heartbeat from 'BidderMicroservice:57'.
[29-04-2026 11:00:08] [HeartBeat] Heartbeat from 'BidderMicroservice:7'.
[29-04-2026 11:00:08] [HeartBeat] Heartbeat from 'BidderMicroservice:8'.
[29-04-2026 11:00:08] [HeartBeat] Heartbeat from 'BidderMicroservice:58'.
[29-04-2026 11:00:08] [HeartBeat] Heartbeat from 'BidderMicroservice:9'.
[29-04-2026 11:00:08] [HeartBeat] Heartbeat from 'BidderMicroservice:60'.
[29-04-2026 11:00:08] [HeartBeat] Heartbeat from 'BidderMicroservice:10'.
[29-04-2026 11:00:08] [HeartBeat] Shutdown signal received. Stopping HeartBeatMicroservice...
[29-04-2026 11:00:08] [HeartBeat] HeartBeatMicroservice stopped.
